2010-10-25 20:44:56 com.sun.enterprise.admin.launcher.GFLauncherLogger info
INFO: JVM invocation command line:
C:\GlassFish-Tools-Bundle-For-Eclipse-1.2\jre\bin\java.exe
-cp
C:/GlassFish-Tools-Bundle-For-Eclipse-1.2/glassfishv3/glassfish/modules/glassfish.jar
-XX:+UnlockDiagnosticVMOptions
-XX:MaxPermSize=192m
-XX:NewRatio=2
-XX:+LogVMOutput
-XX:LogFile=C:\workspaceGlassfish\.metadata\.plugins\com.sun.enterprise.jst.server.sunappsrv92\domain1/logs/jvm.log
-Xmx512m
-client
-javaagent:C:/GlassFish-Tools-Bundle-For-Eclipse-1.2/glassfishv3/glassfish/lib/monitor/btrace-agent.jar=unsafe=true,noServer=true
-Dosgi.shell.telnet.maxconn=1
-Djdbc.drivers=org.apache.derby.jdbc.ClientDriver
-Dfelix.fileinstall.dir=C:\GlassFish-Tools-Bundle-For-Eclipse-1.2\glassfishv3\glassfish/modules/autostart/
-Djavax.net.ssl.keyStore=C:\workspaceGlassfish\.metadata\.plugins\com.sun.enterprise.jst.server.sunappsrv92\domain1/config/keystore.jks
-Dosgi.shell.telnet.port=6666
-Djava.security.policy=C:\workspaceGlassfish\.metadata\.plugins\com.sun.enterprise.jst.server.sunappsrv92\domain1/config/server.policy
-Dfelix.fileinstall.poll=5000
-Dcom.sun.aas.instanceRoot=C:\workspaceGlassfish\.metadata\.plugins\com.sun.enterprise.jst.server.sunappsrv92\domain1
-Dcom.sun.enterprise.config.config_environment_factory_class=com.sun.enterprise.config.serverbeans.AppserverConfigEnvironmentFactory
-Dosgi.shell.telnet.ip=127.0.0.1
-Djava.endorsed.dirs=C:\GlassFish-Tools-Bundle-For-Eclipse-1.2\glassfishv3\glassfish/modules/endorsed;C:\GlassFish-Tools-Bundle-For-Eclipse-1.2\glassfishv3\glassfish/lib/endorsed
-Dcom.sun.aas.installRoot=C:\GlassFish-Tools-Bundle-For-Eclipse-1.2\glassfishv3\glassfish
-Djava.ext.dirs=C:\GlassFish-Tools-Bundle-For-Eclipse-1.2\jre/lib/ext;C:\GlassFish-Tools-Bundle-For-Eclipse-1.2\jre/jre/lib/ext;C:\workspaceGlassfish\.metadata\.plugins\com.sun.enterprise.jst.server.sunappsrv92\domain1/lib/ext
-Dfelix.fileinstall.bundles.new.start=true
-Djavax.net.ssl.trustStore=C:\workspaceGlassfish\.metadata\.plugins\com.sun.enterprise.jst.server.sunappsrv92\domain1/config/cacerts.jks
-Dcom.sun.enterprise.security.httpsOutboundKeyAlias=s1as
-Djava.security.auth.login.config=C:\workspaceGlassfish\.metadata\.plugins\com.sun.enterprise.jst.server.sunappsrv92\domain1/config/login.conf
-DANTLR_USE_DIRECT_CLASS_LOADING=true
-Dfelix.fileinstall.debug=1
-Dorg.glassfish.web.rfc2109_cookie_names_enforced=false
-Djava.library.path=C:/GlassFish-Tools-Bundle-For-Eclipse-1.2/glassfishv3/glassfish/lib;C:/GlassFish-Tools-Bundle-For-Eclipse-1.2/jre/bin;C:/GlassFish-Tools-Bundle-For-Eclipse-1.2/glassfishv3/glassfish;C:/Windows/Sun/Java/bin;C:/Windows/System32;C:/Windows;C:/GlassFish-Tools-Bundle-For-Eclipse-1.2/jre/jre/bin/client;C:/GlassFish-Tools-Bundle-For-Eclipse-1.2/jre/jre/bin;C:/Program Files/Java/jdk1.6.0_20/bin;C:/Program Files/Druide/Antidote 7/Programmes32;C:/GlassFish-Tools-Bundle-For-Eclipse-1.2/glassfishv3/glassfish/%MAVEN_HOME%/bin
com.sun.enterprise.glassfish.bootstrap.ASMain
-domainname
domain1
-asadmin-args
start-domain,,,--domaindir,,,C:\workspaceGlassfish\.metadata\.plugins\com.sun.enterprise.jst.server.sunappsrv92,,,--debug=false,,,--verbose=false,,,domain1
-instancename
server
-verbose
false
-debug
false
-asadmin-classpath
C:/GlassFish-Tools-Bundle-For-Eclipse-1.2/glassfishv3/glassfish/modules/admin-cli.jar
-asadmin-classname
com.sun.enterprise.admin.cli.AsadminMain
-upgrade
false
-domaindir
C:/workspaceGlassfish/.metadata/.plugins/com.sun.enterprise.jst.server.sunappsrv92/domain1
-read-stdin
true
2010-10-25 20:44:57 com.sun.enterprise.admin.launcher.GFLauncherLogger info
INFO: Successfully launched in 47 msec.
[#|2010-10-25T20:46:03.684-0400|INFO|null|null|_ThreadID=11;_ThreadName=Thread-1;|Running GlassFish Version: GlassFish v3 (build 74.2)|#]

[#|2010-10-25T20:46:06.432-0400|INFO|glassfishv3.0|com.sun.grizzly.config.GrizzlyServiceListener|_ThreadID=11;_ThreadName=Thread-1;|Perform lazy SSL initialization for the listener 'http-listener-2'|#]

[#|2010-10-25T20:46:06.759-0400|INFO|glassfishv3.0|null|_ThreadID=12;_ThreadName=Thread-1;|Grizzly Framework 1.9.18-k started in: 155ms listening on port 8181|#]

[#|2010-10-25T20:46:06.759-0400|INFO|glassfishv3.0|null|_ThreadID=13;_ThreadName=Thread-1;|Grizzly Framework 1.9.18-k started in: 732ms listening on port 8084|#]

[#|2010-10-25T20:46:06.805-0400|INFO|glassfishv3.0|null|_ThreadID=14;_ThreadName=Thread-1;|Grizzly Framework 1.9.18-k started in: 155ms listening on port 4860|#]

[#|2010-10-25T20:46:06.930-0400|INFO|glassfishv3.0|com.sun.grizzly.config.GrizzlyServiceListener|_ThreadID=15;_ThreadName=Thread-1;|Starting Grizzly Framework 1.9.18-k - Mon Oct 25 20:46:06 EDT 2010|#]

[#|2010-10-25T20:46:06.961-0400|INFO|glassfishv3.0|null|_ThreadID=16;_ThreadName=Thread-1;|Grizzly Framework 1.9.18-k started in: 109ms listening on port 3700|#]

[#|2010-10-25T20:46:07.008-0400|INFO|glassfishv3.0|com.sun.grizzly.config.GrizzlyServiceListener|_ThreadID=17;_ThreadName=Thread-1;|Starting Grizzly Framework 1.9.18-k - Mon Oct 25 20:46:07 EDT 2010|#]

[#|2010-10-25T20:46:07.039-0400|INFO|glassfishv3.0|null|_ThreadID=18;_ThreadName=Thread-1;|Grizzly Framework 1.9.18-k started in: 31ms listening on port 7676|#]

[#|2010-10-25T20:46:08.570-0400|INFO|glassfishv3.0|javax.enterprise.system.core.com.sun.enterprise.v3.server|_ThreadID=11;_ThreadName=Thread-1;|GlassFish v3 (74.2) startup time : Felix(63066ms) startup services(5400ms) total(68466ms)|#]

[#|2010-10-25T20:46:14.795-0400|INFO|glassfishv3.0|javax.enterprise.system.std.com.sun.enterprise.v3.services.impl|_ThreadID=11;_ThreadName=Thread-1;|javassist.util.proxy.ProxyFactory.classLoaderProvider = org.glassfish.weld.WeldActivator$GlassFishClassLoaderProvider@174b989|#]

[#|2010-10-25T20:46:15.372-0400|INFO|glassfishv3.0|javax.enterprise.system.tools.admin.org.glassfish.server|_ThreadID=19;_ThreadName=Thread-1;|Binding RMI port to *:8686|#]

[#|2010-10-25T20:46:17.228-0400|INFO|glassfishv3.0|javax.enterprise.resource.jta.com.sun.enterprise.transaction|_ThreadID=11;_ThreadName=Thread-1;|Using com.sun.enterprise.transaction.jts.JavaEETransactionManagerJTSDelegate as the delegate|#]

[#|2010-10-25T20:46:17.949-0400|INFO|glassfishv3.0|javax.enterprise.system.core.com.sun.enterprise.v3.server|_ThreadID=20;_ThreadName=Thread-1;|[Thread[GlassFish Kernel Main Thread,5,main]] started|#]

[#|2010-10-25T20:46:18.058-0400|INFO|glassfishv3.0|javax.enterprise.system.tools.admin.org.glassfish.server|_ThreadID=19;_ThreadName=Thread-1;|JMXStartupService: Started JMXConnector, JMXService URL = service:jmx:rmi://Comp01:8686/jndi/rmi://Comp01:8686/jmxrmi|#]

[#|2010-10-25T20:46:18.370-0400|SEVERE|glassfishv3.0|javax.enterprise.system.std.com.sun.enterprise.v3.services.impl|_ThreadID=21;_ThreadName=Thread-1;|Apache Felix Remote Shell [202] Listener.Acceptor::activate()|#]

[#|2010-10-25T20:46:18.370-0400|SEVERE|glassfishv3.0|javax.enterprise.system.std.com.sun.enterprise.v3.services.impl|_ThreadID=21;_ThreadName=Thread-1;|java.net.BindException: Address already in use: JVM_Bind
	at java.net.PlainSocketImpl.socketBind(Native Method)
	at java.net.PlainSocketImpl.bind(PlainSocketImpl.java:365)
	at java.net.ServerSocket.bind(ServerSocket.java:319)
	at java.net.ServerSocket.<init>(ServerSocket.java:185)
	at org.apache.felix.shell.remote.Listener$Acceptor.run(Listener.java:131)
	at java.lang.Thread.run(Thread.java:619)
|#]

[#|2010-10-25T20:46:18.588-0400|INFO|glassfishv3.0|javax.enterprise.system.std.com.sun.enterprise.v3.services.impl|_ThreadID=22;_ThreadName=Thread-1;|{felix.fileinstall.poll (ms) = 5000, felix.fileinstall.dir = C:\GlassFish-Tools-Bundle-For-Eclipse-1.2\glassfishv3\glassfish\modules\autostart, felix.fileinstall.debug = 1, felix.fileinstall.bundles.new.start = true, felix.fileinstall.tmpdir = C:\Users\Andre\AppData\Local\Temp\fileinstall--6644060021123997298, felix.fileinstall.filter = null}|#]

[#|2010-10-25T20:46:24.147-0400|INFO|glassfishv3.0|javax.enterprise.system.std.com.sun.enterprise.v3.services.impl|_ThreadID=22;_ThreadName=Thread-1;|Installed C:\GlassFish-Tools-Bundle-For-Eclipse-1.2\glassfishv3\glassfish\modules\autostart\osgi-web-container.jar|#]

[#|2010-10-25T20:46:24.288-0400|INFO|glassfishv3.0|javax.enterprise.system.std.com.sun.enterprise.v3.services.impl|_ThreadID=22;_ThreadName=Thread-1;|Installed C:\GlassFish-Tools-Bundle-For-Eclipse-1.2\glassfishv3\glassfish\modules\autostart\org.apache.felix.scr.jar|#]

[#|2010-10-25T20:46:24.397-0400|INFO|glassfishv3.0|javax.enterprise.system.std.com.sun.enterprise.v3.services.impl|_ThreadID=22;_ThreadName=Thread-1;|Installed C:\GlassFish-Tools-Bundle-For-Eclipse-1.2\glassfishv3\glassfish\modules\autostart\org.apache.felix.fileinstall-autodeploy-bundles.cfg|#]

[#|2010-10-25T20:46:24.475-0400|INFO|glassfishv3.0|javax.enterprise.system.std.com.sun.enterprise.v3.services.impl|_ThreadID=23;_ThreadName=Thread-1;|{felix.fileinstall.poll (ms) = 5000, felix.fileinstall.dir = C:\workspaceGlassfish\.metadata\.plugins\com.sun.enterprise.jst.server.sunappsrv92\domain1\autodeploy\bundles, felix.fileinstall.debug = 1, felix.fileinstall.bundles.new.start = true, felix.fileinstall.tmpdir = C:\Users\Andre\AppData\Local\Temp\fileinstall--5711498474194818020, felix.fileinstall.filter = null}|#]

[#|2010-10-25T20:46:24.522-0400|INFO|glassfishv3.0|javax.enterprise.system.std.com.sun.enterprise.v3.services.impl|_ThreadID=22;_ThreadName=Thread-1;|Started bundle: file:/C:/GlassFish-Tools-Bundle-For-Eclipse-1.2/glassfishv3/glassfish/modules/autostart/osgi-web-container.jar|#]

[#|2010-10-25T20:46:24.584-0400|INFO|glassfishv3.0|javax.enterprise.system.std.com.sun.enterprise.v3.services.impl|_ThreadID=22;_ThreadName=Thread-1;|Started bundle: file:/C:/GlassFish-Tools-Bundle-For-Eclipse-1.2/glassfishv3/glassfish/modules/autostart/org.apache.felix.scr.jar|#]

[#|2010-10-25T20:46:50.832-0400|INFO|glassfishv3.0|null|_ThreadID=24;_ThreadName=Thread-1;|Total number of available updates : 40|#]

[#|2010-10-25T20:46:50.832-0400|INFO|glassfishv3.0|null|_ThreadID=24;_ThreadName=Thread-1;|Available updates : 

glassfish-full-incorporation 3.0.1,0-22:20100608T223155Z Tue Jun 08 22:31:55 EDT 2010
glassfish-web-incorporation 3.0.1,0-22:20100608T223152Z Tue Jun 08 22:31:52 EDT 2010
pkg-java 1.122,0-38.2791:20100508T050321Z Sat May 08 05:03:21 EDT 2010
mq-server 4.4.2,0-5.1:20100515T073320Z Sat May 15 07:33:20 EDT 2010
glassfish-javahelp 2.0.2,0-0:20100608T220533Z Tue Jun 08 22:05:33 EDT 2010
glassfish-corba 3.0.0,0-41:20100608T220912Z Tue Jun 08 22:09:12 EDT 2010
jersey 1.1.5,0-1.0:20100608T222028Z Tue Jun 08 22:20:28 EDT 2010
mq-bin-sh 4.4.2,0-5.1:20100515T073317Z Sat May 15 07:33:17 EDT 2010
mq-bin-exe 4.4.2,0-5.1:20100515T103754Z Sat May 15 10:37:54 EDT 2010
mq-core 4.4.2,0-5.1:20100515T073310Z Sat May 15 07:33:10 EDT 2010
glassfish-full-profile 3.0.1,0-22:20100608T223200Z Tue Jun 08 22:32:00 EDT 2010
glassfish-web-profile 3.0.1,0-22:20100608T223157Z Tue Jun 08 22:31:57 EDT 2010
felix 2.0.2,0-0:20100608T215536Z Tue Jun 08 21:55:36 EDT 2010
glassfish-jsf 2.0.2,0-10:20100608T221016Z Tue Jun 08 22:10:16 EDT 2010
glassfish-corba-base 3.0.0,0-41:20100608T220031Z Tue Jun 08 22:00:31 EDT 2010
mq-config-gf 4.4.2,0-5.1:20100515T073358Z Sat May 15 07:33:58 EDT 2010
glassfish-jms 3.0.1,0-22:20100608T221623Z Tue Jun 08 22:16:23 EDT 2010
metro 2.0.1,0-0:20100608T222421Z Tue Jun 08 22:24:21 EDT 2010
glassfish-common-full 3.0.1,0-22:20100608T221523Z Tue Jun 08 22:15:23 EDT 2010
glassfish-ejb 3.0.1,0-22:20100608T221655Z Tue Jun 08 22:16:55 EDT 2010
glassfish-appclient 3.0.1,0-22:20100608T222625Z Tue Jun 08 22:26:25 EDT 2010
glassfish-cmp 3.0.1,0-22:20100608T221827Z Tue Jun 08 22:18:27 EDT 2010
glassfish-jdbc 3.0.1,0-22:20100608T221327Z Tue Jun 08 22:13:27 EDT 2010
glassfish-common 3.0.1,0-22:20100608T223142Z Tue Jun 08 22:31:42 EDT 2010
glassfish-nucleus 3.0.1,0-22:20100608T215932Z Tue Jun 08 21:59:32 EDT 2010
glassfish-management 3.0.1,0-22:20100608T220700Z Tue Jun 08 22:07:00 EDT 2010
glassfish-upgrade 3.0.1,0-22:20100608T220547Z Tue Jun 08 22:05:47 EDT 2010
glassfish-jpa 3.0.1,0-22:20100608T220800Z Tue Jun 08 22:08:00 EDT 2010
glassfish-grizzly 1.9.18,0-10:20100608T215656Z Tue Jun 08 21:56:56 EDT 2010
glassfish-jts 3.0.1,0-22:20100608T221548Z Tue Jun 08 22:15:48 EDT 2010
glassfish-ejb-lite 3.0.1,0-22:20100608T221503Z Tue Jun 08 22:15:03 EDT 2010
glassfish-grizzly-full 1.9.18,0-10:20100608T220007Z Tue Jun 08 22:00:07 EDT 2010
glassfish-jca 3.0.1,0-22:20100608T220738Z Tue Jun 08 22:07:38 EDT 2010
glassfish-gui 3.0.1,0-22:20100608T221423Z Tue Jun 08 22:14:23 EDT 2010
glassfish-web 3.0.1,0-22:20100608T221251Z Tue Jun 08 22:12:51 EDT 2010
glassfish-registration 3.0.1,0-22:20100608T220615Z Tue Jun 08 22:06:15 EDT 2010
glassfish-jcdi 3.0.1,0-22:20100608T221911Z Tue Jun 08 22:19:11 EDT 2010
glassfish-scripting 3.0.1,0-22:20100608T221935Z Tue Jun 08 22:19:35 EDT 2010
glassfish-jta 3.0.1,0-22:20100608T220927Z Tue Jun 08 22:09:27 EDT 2010
glassfish-hk2 3.0.1,0-22:20100608T215614Z Tue Jun 08 21:56:14 EDT 2010|#]

[#|2010-10-25T21:06:02.862-0400|INFO|glassfishv3.0|null|_ThreadID=25;_ThreadName=Thread-1;|The Admin Console is installing...|#]

[#|2010-10-25T21:06:03.127-0400|INFO|glassfishv3.0|org.hibernate.validator.util.Version|_ThreadID=25;_ThreadName=Thread-1;|Hibernate Validator bean-validator-3.0-JBoss-4.0.2|#]

[#|2010-10-25T21:06:03.157-0400|INFO|glassfishv3.0|org.hibernate.validator.engine.resolver.DefaultTraversableResolver|_ThreadID=25;_ThreadName=Thread-1;|Instantiated an instance of org.hibernate.validator.engine.resolver.JPATraversableResolver.|#]

[#|2010-10-25T21:06:04.577-0400|INFO|glassfishv3.0|null|_ThreadID=25;_ThreadName=Thread-1;|The Admin Console is already installed, but not yet loaded.|#]

[#|2010-10-25T21:06:04.577-0400|INFO|glassfishv3.0|null|_ThreadID=25;_ThreadName=Thread-1;|The Admin Console is loading...|#]

[#|2010-10-25T21:06:07.727-0400|INFO|glassfishv3.0|javax.enterprise.system.container.web.com.sun.enterprise.web|_ThreadID=25;_ThreadName=Thread-1;|Created HTTP listener http-listener-1 on port 8084|#]

[#|2010-10-25T21:06:07.777-0400|INFO|glassfishv3.0|javax.enterprise.system.container.web.com.sun.enterprise.web|_ThreadID=25;_ThreadName=Thread-1;|Created HTTP listener http-listener-2 on port 8181|#]

[#|2010-10-25T21:06:07.787-0400|INFO|glassfishv3.0|javax.enterprise.system.container.web.com.sun.enterprise.web|_ThreadID=25;_ThreadName=Thread-1;|Created HTTP listener admin-listener on port 4860|#]

[#|2010-10-25T21:06:07.962-0400|INFO|glassfishv3.0|javax.enterprise.system.container.web.com.sun.enterprise.web|_ThreadID=25;_ThreadName=Thread-23;|Created virtual server server|#]

[#|2010-10-25T21:06:07.977-0400|INFO|glassfishv3.0|javax.enterprise.system.container.web.com.sun.enterprise.web|_ThreadID=25;_ThreadName=Thread-23;|Created virtual server __asadmin|#]

[#|2010-10-25T21:06:07.977-0400|INFO|glassfishv3.0|javax.enterprise.system.container.web.com.sun.enterprise.web|_ThreadID=25;_ThreadName=Thread-23;|Created virtual server __asadmin|#]

[#|2010-10-25T21:06:07.962-0400|INFO|glassfishv3.0|javax.enterprise.system.container.web.com.sun.enterprise.web|_ThreadID=25;_ThreadName=Thread-1;|Created virtual server server|#]

[#|2010-10-25T21:06:07.977-0400|INFO|glassfishv3.0|javax.enterprise.system.container.web.com.sun.enterprise.web|_ThreadID=25;_ThreadName=Thread-1;|Created virtual server __asadmin|#]

[#|2010-10-25T21:06:12.647-0400|INFO|glassfishv3.0|javax.enterprise.system.container.web.com.sun.enterprise.web|_ThreadID=25;_ThreadName=Thread-23;|Virtual server server loaded system default web module|#]

[#|2010-10-25T21:06:12.647-0400|INFO|glassfishv3.0|javax.enterprise.system.container.web.com.sun.enterprise.web|_ThreadID=25;_ThreadName=Thread-23;|Virtual server server loaded system default web module|#]

[#|2010-10-25T21:06:12.647-0400|INFO|glassfishv3.0|javax.enterprise.system.container.web.com.sun.enterprise.web|_ThreadID=25;_ThreadName=Thread-1;|Virtual server server loaded system default web module|#]

[#|2010-10-25T21:06:17.032-0400|INFO|glassfishv3.0|javax.enterprise.system.core.security.com.sun.enterprise.security|_ThreadID=25;_ThreadName=Thread-1;|SEC1002: Security Manager is OFF.|#]

[#|2010-10-25T21:06:18.057-0400|SEVERE|glassfishv3.0|javax.enterprise.system.core.security.com.sun.enterprise.security.ssl|_ThreadID=25;_ThreadName=Thread-1;|SEC5054: Certificate has expired: [
[
  Version: V1
  Subject: OU=Secure Server Certification Authority, O="RSA Data Security, Inc.", C=US
  Signature Algorithm: MD2withRSA, OID = 1.2.840.113549.1.1.2

  Key:  Sun RSA public key, 1000 bits
  modulus: 6144706769222379850430183405655235862870193813433361902309516534729547168229223442088128897090426025874990958624426272027915771330043379079076269082776443120496525109458437435793974957144923190172655546279112796066635455545786300647745888353781002359412766112775410851780140804282673804950495744761467
  public exponent: 65537
  Validity: [From: Tue Nov 08 19:00:00 EST 1994,
               To: Thu Jan 07 18:59:59 EST 2010]
  Issuer: OU=Secure Server Certification Authority, O="RSA Data Security, Inc.", C=US
  SerialNumber: [    02ad667e 4e45fe5e 576f3c98 195eddc0]

]
  Algorithm: [MD2withRSA]
  Signature:
0000: 65 DD 7E E1 B2 EC B0 E2   3A E0 EC 71 46 9A 19 11  e.......:..qF...
0010: B8 D3 C7 A0 B4 03 40 26   02 3E 09 9C E1 12 B3 D1  ......@&.>......
0020: 5A F6 37 A5 B7 61 03 B6   5B 16 69 3B C6 44 08 0C  Z.7..a..[.i;.D..
0030: 88 53 0C 6B 97 49 C7 3E   35 DC 6C B9 BB AA DF 5C  .S.k.I.>5.l....\
0040: BB 3A 2F 93 60 B6 A9 4B   4D F2 20 F7 CD 5F 7F 64  .:/.`..KM. .._.d
0050: 7B 8E DC 00 5C D7 FA 77   CA 39 16 59 6F 0E EA D3  ....\..w.9.Yo...
0060: B5 83 7F 4D 4D 42 56 76   B4 C9 5F 04 F8 38 F8 EB  ...MMBVv.._..8..
0070: D2 5F 75 5F CD 7B FC E5   8E 80 7C FC 50           ._u_........P

]|#]

[#|2010-10-25T21:06:18.717-0400|INFO|glassfishv3.0|javax.enterprise.system.core.security.com.sun.enterprise.security|_ThreadID=25;_ThreadName=Thread-1;|Security startup service called|#]

[#|2010-10-25T21:06:18.737-0400|INFO|glassfishv3.0|javax.enterprise.system.core.security.com.sun.enterprise.security|_ThreadID=25;_ThreadName=Thread-1;|SEC1143: Loading policy provider com.sun.enterprise.security.provider.PolicyWrapper.|#]

[#|2010-10-25T21:06:19.142-0400|INFO|glassfishv3.0|javax.enterprise.system.core.security.com.sun.enterprise.security.auth.realm|_ThreadID=25;_ThreadName=Thread-1;|Realm admin-realm of classtype com.sun.enterprise.security.auth.realm.file.FileRealm successfully created.|#]

[#|2010-10-25T21:06:19.147-0400|INFO|glassfishv3.0|javax.enterprise.system.core.security.com.sun.enterprise.security.auth.realm|_ThreadID=25;_ThreadName=Thread-1;|Realm file of classtype com.sun.enterprise.security.auth.realm.file.FileRealm successfully created.|#]

[#|2010-10-25T21:06:19.167-0400|INFO|glassfishv3.0|javax.enterprise.system.core.security.com.sun.enterprise.security.auth.realm|_ThreadID=25;_ThreadName=Thread-1;|Realm certificate of classtype com.sun.enterprise.security.auth.realm.certificate.CertificateRealm successfully created.|#]

[#|2010-10-25T21:06:19.187-0400|INFO|glassfishv3.0|javax.enterprise.system.core.security.com.sun.enterprise.security|_ThreadID=25;_ThreadName=Thread-1;|Security service(s) started successfully....|#]

[#|2010-10-25T21:06:27.522-0400|INFO|glassfishv3.0|javax.enterprise.resource.webcontainer.jsf.config|_ThreadID=25;_ThreadName=Thread-1;|Initialisation de Mojarra 2.0.2 (FCS b10) pour le contexte ''|#]

[#|2010-10-25T21:06:36.412-0400|INFO|glassfishv3.0|javax.enterprise.system.container.web.com.sun.enterprise.web|_ThreadID=25;_ThreadName=Thread-23;|Loading application __admingui at /|#]

[#|2010-10-25T21:06:36.412-0400|INFO|glassfishv3.0|javax.enterprise.system.container.web.com.sun.enterprise.web|_ThreadID=25;_ThreadName=Thread-23;|Loading application __admingui at /|#]

[#|2010-10-25T21:06:36.412-0400|INFO|glassfishv3.0|javax.enterprise.system.container.web.com.sun.enterprise.web|_ThreadID=25;_ThreadName=Thread-1;|Loading application __admingui at /|#]

[#|2010-10-25T21:06:36.427-0400|INFO|glassfishv3.0|null|_ThreadID=25;_ThreadName=Thread-1;|Loading __admingui Application done is 31850 ms|#]

[#|2010-10-25T21:06:36.427-0400|INFO|glassfishv3.0|null|_ThreadID=25;_ThreadName=Thread-1;|The Admin Console application is loaded.|#]

[#|2010-10-25T21:06:47.017-0400|INFO|glassfishv3.0|javax.enterprise.system.tools.admin.org.glassfish.server|_ThreadID=26;_ThreadName=Thread-1;|AMX ComplianceMonitor: ValidationLevel = full, UnregisterNonCompliant = false, LogInaccessibleAttributes = true|#]

[#|2010-10-25T21:06:49.287-0400|INFO|glassfishv3.0|javax.enterprise.system.tools.admin.org.glassfish.server|_ThreadID=27;_ThreadName=Thread-1;|AMX config read, domain config registered as amx:pp=/,type=domain|#]

[#|2010-10-25T21:06:50.112-0400|INFO|glassfishv3.0|javax.enterprise.system.tools.admin.org.glassfish.server|_ThreadID=28;_ThreadName=Thread-1;|J2EEDomain registered at amx:pp=/,type=J2EEDomain,j2eeType=J2EEDomain,name=amx|#]

[#|2010-10-25T21:06:50.112-0400|INFO|glassfishv3.0|javax.enterprise.system.tools.admin.org.glassfish.server|_ThreadID=26;_ThreadName=Thread-1;|AMXStartupServiceNew: AMX ready for use, DomainRoot = amx:pp=,type=domain-root|#]

[#|2010-10-25T21:07:39.682-0400|INFO|glassfishv3.0|org.glassfish.admingui|_ThreadID=26;_ThreadName=Thread-1;|admin console: initSessionAttributes()|#]

[#|2010-10-25T21:07:45.032-0400|INFO|glassfishv3.0|org.glassfish.admingui|_ThreadID=26;_ThreadName=Thread-1;|Update Component count = 40|#]

[#|2010-10-25T21:10:48.948-0400|INFO|glassfishv3.0|javax.enterprise.system.tools.admin.com.sun.enterprise.v3.admin|_ThreadID=29;_ThreadName=Thread-1;|Server shutdown initiated|#]

[#|2010-10-25T21:10:53.301-0400|INFO|glassfishv3.0|javax.enterprise.system.tools.admin.org.glassfish.server|_ThreadID=29;_ThreadName=Thread-1;|JMXStartupService: Stopped JMXConnectorServer: service:jmx:rmi://Comp01:8686/jndi/rmi://Comp01:8686/jmxrmi|#]

[#|2010-10-25T21:10:53.301-0400|INFO|glassfishv3.0|javax.enterprise.system.tools.admin.org.glassfish.server|_ThreadID=29;_ThreadName=Thread-1;|JMXStartupService and JMXConnectors have been shut down.|#]

[#|2010-10-25T21:10:53.410-0400|INFO|glassfishv3.0|javax.enterprise.system.tools.admin.org.glassfish.server|_ThreadID=29;_ThreadName=Thread-1;|AMXStartupService: has been shut down and all AMX MBeans unregistered, remaining MBeans: []|#]

[#|2010-10-25T21:10:53.410-0400|INFO|glassfishv3.0|javax.enterprise.system.core.com.sun.enterprise.v3.server|_ThreadID=29;_ThreadName=Thread-1;|Shutdown procedure finished|#]

2010-10-25 21:16:52 com.sun.enterprise.admin.launcher.GFLauncherLogger info
INFO: JVM invocation command line:
C:\GlassFish-Tools-Bundle-For-Eclipse-1.2\jre\bin\java.exe
-cp
C:/GlassFish-Tools-Bundle-For-Eclipse-1.2/glassfishv3/glassfish/modules/glassfish.jar
-XX:+UnlockDiagnosticVMOptions
-XX:MaxPermSize=192m
-XX:NewRatio=2
-XX:+LogVMOutput
-XX:LogFile=C:\workspaceGlassfish\.metadata\.plugins\com.sun.enterprise.jst.server.sunappsrv92\domain1/logs/jvm.log
-Xmx512m
-client
-javaagent:C:/GlassFish-Tools-Bundle-For-Eclipse-1.2/glassfishv3/glassfish/lib/monitor/btrace-agent.jar=unsafe=true,noServer=true
-Dosgi.shell.telnet.maxconn=1
-Djdbc.drivers=org.apache.derby.jdbc.ClientDriver
-Dfelix.fileinstall.dir=C:\GlassFish-Tools-Bundle-For-Eclipse-1.2\glassfishv3\glassfish/modules/autostart/
-Djavax.net.ssl.keyStore=C:\workspaceGlassfish\.metadata\.plugins\com.sun.enterprise.jst.server.sunappsrv92\domain1/config/keystore.jks
-Dosgi.shell.telnet.port=6666
-Djava.security.policy=C:\workspaceGlassfish\.metadata\.plugins\com.sun.enterprise.jst.server.sunappsrv92\domain1/config/server.policy
-Dfelix.fileinstall.poll=5000
-Dcom.sun.aas.instanceRoot=C:\workspaceGlassfish\.metadata\.plugins\com.sun.enterprise.jst.server.sunappsrv92\domain1
-Dcom.sun.enterprise.config.config_environment_factory_class=com.sun.enterprise.config.serverbeans.AppserverConfigEnvironmentFactory
-Dosgi.shell.telnet.ip=127.0.0.1
-Djava.endorsed.dirs=C:\GlassFish-Tools-Bundle-For-Eclipse-1.2\glassfishv3\glassfish/modules/endorsed;C:\GlassFish-Tools-Bundle-For-Eclipse-1.2\glassfishv3\glassfish/lib/endorsed
-Dcom.sun.aas.installRoot=C:\GlassFish-Tools-Bundle-For-Eclipse-1.2\glassfishv3\glassfish
-Djava.ext.dirs=C:\GlassFish-Tools-Bundle-For-Eclipse-1.2\jre/lib/ext;C:\GlassFish-Tools-Bundle-For-Eclipse-1.2\jre/jre/lib/ext;C:\workspaceGlassfish\.metadata\.plugins\com.sun.enterprise.jst.server.sunappsrv92\domain1/lib/ext
-Dfelix.fileinstall.bundles.new.start=true
-Djavax.net.ssl.trustStore=C:\workspaceGlassfish\.metadata\.plugins\com.sun.enterprise.jst.server.sunappsrv92\domain1/config/cacerts.jks
-Dcom.sun.enterprise.security.httpsOutboundKeyAlias=s1as
-Djava.security.auth.login.config=C:\workspaceGlassfish\.metadata\.plugins\com.sun.enterprise.jst.server.sunappsrv92\domain1/config/login.conf
-DANTLR_USE_DIRECT_CLASS_LOADING=true
-Dfelix.fileinstall.debug=1
-Dorg.glassfish.web.rfc2109_cookie_names_enforced=false
-Djava.library.path=C:/GlassFish-Tools-Bundle-For-Eclipse-1.2/glassfishv3/glassfish/lib;C:/GlassFish-Tools-Bundle-For-Eclipse-1.2/jre/bin;C:/GlassFish-Tools-Bundle-For-Eclipse-1.2/glassfishv3/glassfish;C:/Windows/Sun/Java/bin;C:/Windows/System32;C:/Windows;C:/GlassFish-Tools-Bundle-For-Eclipse-1.2/jre/jre/bin/client;C:/GlassFish-Tools-Bundle-For-Eclipse-1.2/jre/jre/bin;C:/Program Files/Java/jdk1.6.0_20/bin;C:/Program Files/Druide/Antidote 7/Programmes32;C:/GlassFish-Tools-Bundle-For-Eclipse-1.2/glassfishv3/glassfish/%MAVEN_HOME%/bin
com.sun.enterprise.glassfish.bootstrap.ASMain
-domainname
domain1
-asadmin-args
start-domain,,,--domaindir,,,C:\workspaceGlassfish\.metadata\.plugins\com.sun.enterprise.jst.server.sunappsrv92,,,--debug=false,,,--verbose=false,,,domain1
-instancename
server
-verbose
false
-debug
false
-asadmin-classpath
C:/GlassFish-Tools-Bundle-For-Eclipse-1.2/glassfishv3/glassfish/modules/admin-cli.jar
-asadmin-classname
com.sun.enterprise.admin.cli.AsadminMain
-upgrade
false
-domaindir
C:/workspaceGlassfish/.metadata/.plugins/com.sun.enterprise.jst.server.sunappsrv92/domain1
-read-stdin
true
2010-10-25 21:16:53 com.sun.enterprise.admin.launcher.GFLauncherLogger info
INFO: Successfully launched in 47 msec.
[#|2010-10-25T21:17:23.509-0400|INFO|null|null|_ThreadID=11;_ThreadName=Thread-1;|Running GlassFish Version: GlassFish v3 (build 74.2)|#]

[#|2010-10-25T21:17:27.490-0400|INFO|glassfishv3.0|com.sun.grizzly.config.GrizzlyServiceListener|_ThreadID=11;_ThreadName=Thread-1;|Perform lazy SSL initialization for the listener 'http-listener-2'|#]

[#|2010-10-25T21:17:27.631-0400|INFO|glassfishv3.0|null|_ThreadID=12;_ThreadName=Thread-1;|Grizzly Framework 1.9.18-k started in: 499ms listening on port 8084|#]

[#|2010-10-25T21:17:27.631-0400|INFO|glassfishv3.0|null|_ThreadID=13;_ThreadName=Thread-1;|Grizzly Framework 1.9.18-k started in: 125ms listening on port 8181|#]

[#|2010-10-25T21:17:27.693-0400|INFO|glassfishv3.0|null|_ThreadID=14;_ThreadName=Thread-1;|Grizzly Framework 1.9.18-k started in: 47ms listening on port 4860|#]

[#|2010-10-25T21:17:27.757-0400|INFO|glassfishv3.0|com.sun.grizzly.config.GrizzlyServiceListener|_ThreadID=15;_ThreadName=Thread-1;|Starting Grizzly Framework 1.9.18-k - Mon Oct 25 21:17:27 EDT 2010|#]

[#|2010-10-25T21:17:27.788-0400|INFO|glassfishv3.0|null|_ThreadID=16;_ThreadName=Thread-1;|Grizzly Framework 1.9.18-k started in: 47ms listening on port 3700|#]

[#|2010-10-25T21:17:27.819-0400|INFO|glassfishv3.0|com.sun.grizzly.config.GrizzlyServiceListener|_ThreadID=17;_ThreadName=Thread-1;|Starting Grizzly Framework 1.9.18-k - Mon Oct 25 21:17:27 EDT 2010|#]

[#|2010-10-25T21:17:27.850-0400|INFO|glassfishv3.0|null|_ThreadID=18;_ThreadName=Thread-1;|Grizzly Framework 1.9.18-k started in: 31ms listening on port 7676|#]

[#|2010-10-25T21:17:28.953-0400|INFO|glassfishv3.0|javax.enterprise.system.std.com.sun.enterprise.v3.services.impl|_ThreadID=19;_ThreadName=Thread-1;|javassist.util.proxy.ProxyFactory.classLoaderProvider = org.glassfish.weld.WeldActivator$GlassFishClassLoaderProvider@13043cc|#]

[#|2010-10-25T21:17:29.198-0400|INFO|glassfishv3.0|null|_ThreadID=11;_ThreadName=Thread-1;|The Admin Console is already installed, but not yet loaded.|#]

[#|2010-10-25T21:17:29.844-0400|INFO|glassfishv3.0|javax.enterprise.system.core.com.sun.enterprise.v3.server|_ThreadID=11;_ThreadName=Thread-1;|GlassFish v3 (74.2) startup time : Felix(27838ms) startup services(6804ms) total(34642ms)|#]

[#|2010-10-25T21:17:32.668-0400|INFO|glassfishv3.0|javax.enterprise.system.tools.admin.org.glassfish.server|_ThreadID=20;_ThreadName=Thread-1;|Binding RMI port to *:8686|#]

[#|2010-10-25T21:17:34.025-0400|INFO|glassfishv3.0|javax.enterprise.system.tools.admin.org.glassfish.server|_ThreadID=20;_ThreadName=Thread-1;|JMXStartupService: Started JMXConnector, JMXService URL = service:jmx:rmi://Comp01:8686/jndi/rmi://Comp01:8686/jmxrmi|#]

[#|2010-10-25T21:17:34.259-0400|INFO|glassfishv3.0|javax.enterprise.resource.jta.com.sun.enterprise.transaction|_ThreadID=11;_ThreadName=Thread-1;|Using com.sun.enterprise.transaction.jts.JavaEETransactionManagerJTSDelegate as the delegate|#]

[#|2010-10-25T21:17:34.352-0400|INFO|glassfishv3.0|javax.enterprise.system.core.com.sun.enterprise.v3.server|_ThreadID=21;_ThreadName=Thread-1;|[Thread[GlassFish Kernel Main Thread,5,main]] started|#]

[#|2010-10-25T21:17:34.493-0400|SEVERE|glassfishv3.0|javax.enterprise.system.std.com.sun.enterprise.v3.services.impl|_ThreadID=22;_ThreadName=Thread-1;|Apache Felix Remote Shell [202] Listener.Acceptor::activate()|#]

[#|2010-10-25T21:17:34.493-0400|SEVERE|glassfishv3.0|javax.enterprise.system.std.com.sun.enterprise.v3.services.impl|_ThreadID=22;_ThreadName=Thread-1;|java.net.BindException: Address already in use: JVM_Bind
	at java.net.PlainSocketImpl.socketBind(Native Method)
	at java.net.PlainSocketImpl.bind(PlainSocketImpl.java:365)
	at java.net.ServerSocket.bind(ServerSocket.java:319)
	at java.net.ServerSocket.<init>(ServerSocket.java:185)
	at org.apache.felix.shell.remote.Listener$Acceptor.run(Listener.java:131)
	at java.lang.Thread.run(Thread.java:619)
|#]

[#|2010-10-25T21:17:34.976-0400|INFO|glassfishv3.0|javax.enterprise.system.std.com.sun.enterprise.v3.services.impl|_ThreadID=23;_ThreadName=Thread-1;|{felix.fileinstall.poll (ms) = 5000, felix.fileinstall.dir = C:\workspaceGlassfish\.metadata\.plugins\com.sun.enterprise.jst.server.sunappsrv92\domain1\autodeploy\bundles, felix.fileinstall.debug = 1, felix.fileinstall.bundles.new.start = true, felix.fileinstall.tmpdir = C:\Users\Andre\AppData\Local\Temp\fileinstall-6808856302310030569, felix.fileinstall.filter = null}|#]

[#|2010-10-25T21:17:34.992-0400|INFO|glassfishv3.0|javax.enterprise.system.std.com.sun.enterprise.v3.services.impl|_ThreadID=24;_ThreadName=Thread-1;|{felix.fileinstall.poll (ms) = 5000, felix.fileinstall.dir = C:\GlassFish-Tools-Bundle-For-Eclipse-1.2\glassfishv3\glassfish\modules\autostart, felix.fileinstall.debug = 1, felix.fileinstall.bundles.new.start = true, felix.fileinstall.tmpdir = C:\Users\Andre\AppData\Local\Temp\fileinstall-8639026672845386053, felix.fileinstall.filter = null}|#]

[#|2010-10-25T21:17:35.382-0400|INFO|glassfishv3.0|javax.enterprise.system.std.com.sun.enterprise.v3.services.impl|_ThreadID=24;_ThreadName=Thread-1;|Started bundle: file:/C:/GlassFish-Tools-Bundle-For-Eclipse-1.2/glassfishv3/glassfish/modules/autostart/osgi-web-container.jar|#]

[#|2010-10-25T21:17:35.647-0400|INFO|glassfishv3.0|javax.enterprise.system.std.com.sun.enterprise.v3.services.impl|_ThreadID=24;_ThreadName=Thread-1;|Started bundle: file:/C:/GlassFish-Tools-Bundle-For-Eclipse-1.2/glassfishv3/glassfish/modules/autostart/org.apache.felix.scr.jar|#]

[#|2010-10-25T21:17:40.670-0400|INFO|glassfishv3.0|javax.enterprise.system.std.com.sun.enterprise.v3.services.impl|_ThreadID=24;_ThreadName=Thread-1;|Updating configuration from org.apache.felix.fileinstall-autodeploy-bundles.cfg|#]

[#|2010-10-25T21:17:40.686-0400|INFO|glassfishv3.0|javax.enterprise.system.std.com.sun.enterprise.v3.services.impl|_ThreadID=24;_ThreadName=Thread-1;|Installed C:\GlassFish-Tools-Bundle-For-Eclipse-1.2\glassfishv3\glassfish\modules\autostart\org.apache.felix.fileinstall-autodeploy-bundles.cfg|#]

[#|2010-10-25T21:17:40.702-0400|INFO|glassfishv3.0|javax.enterprise.system.std.com.sun.enterprise.v3.services.impl|_ThreadID=25;_ThreadName=Thread-1;|{felix.fileinstall.poll (ms) = 5000, felix.fileinstall.dir = C:\workspaceGlassfish\.metadata\.plugins\com.sun.enterprise.jst.server.sunappsrv92\domain1\autodeploy\bundles, felix.fileinstall.debug = 1, felix.fileinstall.bundles.new.start = true, felix.fileinstall.tmpdir = C:\Users\Andre\AppData\Local\Temp\fileinstall--87700529636064478, felix.fileinstall.filter = null}|#]

[#|2010-10-25T21:18:32.854-0400|INFO|glassfishv3.0|null|_ThreadID=26;_ThreadName=Thread-1;|The Admin Console is already installed, but not yet loaded.|#]

[#|2010-10-25T21:18:32.854-0400|INFO|glassfishv3.0|null|_ThreadID=26;_ThreadName=Thread-1;|The Admin Console is loading...|#]

[#|2010-10-25T21:18:38.039-0400|INFO|glassfishv3.0|javax.enterprise.system.container.web.com.sun.enterprise.web|_ThreadID=26;_ThreadName=Thread-1;|Created HTTP listener http-listener-1 on port 8084|#]

[#|2010-10-25T21:18:38.054-0400|INFO|glassfishv3.0|javax.enterprise.system.container.web.com.sun.enterprise.web|_ThreadID=26;_ThreadName=Thread-1;|Created HTTP listener http-listener-2 on port 8181|#]

[#|2010-10-25T21:18:38.064-0400|INFO|glassfishv3.0|javax.enterprise.system.container.web.com.sun.enterprise.web|_ThreadID=26;_ThreadName=Thread-1;|Created HTTP listener admin-listener on port 4860|#]

[#|2010-10-25T21:18:38.189-0400|INFO|glassfishv3.0|javax.enterprise.system.container.web.com.sun.enterprise.web|_ThreadID=26;_ThreadName=Thread-1;|Created virtual server server|#]


[#|2010-10-25T21:18:38.229-0400|INFO|glassfishv3.0|javax.enterprise.system.container.web.com.sun.enterprise.web|_ThreadID=26;_ThreadName=Thread-23;|Created virtual server __asadmin|#]

[#|2010-10-25T21:18:38.229-0400|INFO|glassfishv3.0|javax.enterprise.system.container.web.com.sun.enterprise.web|_ThreadID=26;_ThreadName=Thread-23;|Created virtual server __asadmin|#]

[#|2010-10-25T21:18:38.229-0400|INFO|glassfishv3.0|javax.enterprise.system.container.web.com.sun.enterprise.web|_ThreadID=26;_ThreadName=Thread-1;|Created virtual server __asadmin|#]

[#|2010-10-25T21:18:41.114-0400|INFO|glassfishv3.0|javax.enterprise.system.container.web.com.sun.enterprise.web|_ThreadID=26;_ThreadName=Thread-23;|Virtual server server loaded system default web module|#]

[#|2010-10-25T21:18:41.114-0400|INFO|glassfishv3.0|javax.enterprise.system.container.web.com.sun.enterprise.web|_ThreadID=26;_ThreadName=Thread-23;|Virtual server server loaded system default web module|#]

[#|2010-10-25T21:18:41.114-0400|INFO|glassfishv3.0|javax.enterprise.system.container.web.com.sun.enterprise.web|_ThreadID=26;_ThreadName=Thread-1;|Virtual server server loaded system default web module|#]

[#|2010-10-25T21:18:46.074-0400|INFO|glassfishv3.0|javax.enterprise.system.core.security.com.sun.enterprise.security|_ThreadID=26;_ThreadName=Thread-1;|SEC1002: Security Manager is OFF.|#]

[#|2010-10-25T21:18:47.509-0400|SEVERE|glassfishv3.0|javax.enterprise.system.core.security.com.sun.enterprise.security.ssl|_ThreadID=26;_ThreadName=Thread-1;|SEC5054: Certificate has expired: [
[
  Version: V1
  Subject: OU=Secure Server Certification Authority, O="RSA Data Security, Inc.", C=US
  Signature Algorithm: MD2withRSA, OID = 1.2.840.113549.1.1.2

  Key:  Sun RSA public key, 1000 bits
  modulus: 6144706769222379850430183405655235862870193813433361902309516534729547168229223442088128897090426025874990958624426272027915771330043379079076269082776443120496525109458437435793974957144923190172655546279112796066635455545786300647745888353781002359412766112775410851780140804282673804950495744761467
  public exponent: 65537
  Validity: [From: Tue Nov 08 19:00:00 EST 1994,
               To: Thu Jan 07 18:59:59 EST 2010]
  Issuer: OU=Secure Server Certification Authority, O="RSA Data Security, Inc.", C=US
  SerialNumber: [    02ad667e 4e45fe5e 576f3c98 195eddc0]

]
  Algorithm: [MD2withRSA]
  Signature:
0000: 65 DD 7E E1 B2 EC B0 E2   3A E0 EC 71 46 9A 19 11  e.......:..qF...
0010: B8 D3 C7 A0 B4 03 40 26   02 3E 09 9C E1 12 B3 D1  ......@&.>......
0020: 5A F6 37 A5 B7 61 03 B6   5B 16 69 3B C6 44 08 0C  Z.7..a..[.i;.D..
0030: 88 53 0C 6B 97 49 C7 3E   35 DC 6C B9 BB AA DF 5C  .S.k.I.>5.l....\
0040: BB 3A 2F 93 60 B6 A9 4B   4D F2 20 F7 CD 5F 7F 64  .:/.`..KM. .._.d
0050: 7B 8E DC 00 5C D7 FA 77   CA 39 16 59 6F 0E EA D3  ....\..w.9.Yo...
0060: B5 83 7F 4D 4D 42 56 76   B4 C9 5F 04 F8 38 F8 EB  ...MMBVv.._..8..
0070: D2 5F 75 5F CD 7B FC E5   8E 80 7C FC 50           ._u_........P

]|#]

[#|2010-10-25T21:18:48.349-0400|INFO|glassfishv3.0|javax.enterprise.system.core.security.com.sun.enterprise.security|_ThreadID=26;_ThreadName=Thread-1;|Security startup service called|#]

[#|2010-10-25T21:18:48.389-0400|INFO|glassfishv3.0|javax.enterprise.system.core.security.com.sun.enterprise.security|_ThreadID=26;_ThreadName=Thread-1;|SEC1143: Loading policy provider com.sun.enterprise.security.provider.PolicyWrapper.|#]

[#|2010-10-25T21:18:48.894-0400|INFO|glassfishv3.0|javax.enterprise.system.core.security.com.sun.enterprise.security.auth.realm|_ThreadID=26;_ThreadName=Thread-1;|Realm admin-realm of classtype com.sun.enterprise.security.auth.realm.file.FileRealm successfully created.|#]

[#|2010-10-25T21:18:48.899-0400|INFO|glassfishv3.0|javax.enterprise.system.core.security.com.sun.enterprise.security.auth.realm|_ThreadID=26;_ThreadName=Thread-1;|Realm file of classtype com.sun.enterprise.security.auth.realm.file.FileRealm successfully created.|#]

[#|2010-10-25T21:18:48.949-0400|INFO|glassfishv3.0|javax.enterprise.system.core.security.com.sun.enterprise.security.auth.realm|_ThreadID=26;_ThreadName=Thread-1;|Realm certificate of classtype com.sun.enterprise.security.auth.realm.certificate.CertificateRealm successfully created.|#]

[#|2010-10-25T21:18:48.964-0400|INFO|glassfishv3.0|javax.enterprise.system.core.security.com.sun.enterprise.security|_ThreadID=26;_ThreadName=Thread-1;|Security service(s) started successfully....|#]

[#|2010-10-25T21:19:07.914-0400|INFO|glassfishv3.0|javax.enterprise.resource.webcontainer.jsf.config|_ThreadID=26;_ThreadName=Thread-1;|Initialisation de Mojarra 2.0.2 (FCS b10) pour le contexte ''|#]

[#|2010-10-25T21:19:18.804-0400|INFO|glassfishv3.0|javax.enterprise.system.container.web.com.sun.enterprise.web|_ThreadID=26;_ThreadName=Thread-23;|Loading application __admingui at /|#]

[#|2010-10-25T21:19:18.804-0400|INFO|glassfishv3.0|javax.enterprise.system.container.web.com.sun.enterprise.web|_ThreadID=26;_ThreadName=Thread-23;|Loading application __admingui at /|#]

[#|2010-10-25T21:19:18.804-0400|INFO|glassfishv3.0|javax.enterprise.system.container.web.com.sun.enterprise.web|_ThreadID=26;_ThreadName=Thread-1;|Loading application __admingui at /|#]

[#|2010-10-25T21:19:18.809-0400|INFO|glassfishv3.0|null|_ThreadID=26;_ThreadName=Thread-1;|Loading __admingui Application done is 45950 ms|#]

[#|2010-10-25T21:19:18.814-0400|INFO|glassfishv3.0|null|_ThreadID=26;_ThreadName=Thread-1;|The Admin Console application is loaded.|#]

[#|2010-10-25T21:19:28.814-0400|INFO|glassfishv3.0|javax.enterprise.system.tools.admin.org.glassfish.server|_ThreadID=27;_ThreadName=Thread-1;|AMX ComplianceMonitor: ValidationLevel = full, UnregisterNonCompliant = false, LogInaccessibleAttributes = true|#]

[#|2010-10-25T21:19:31.229-0400|INFO|glassfishv3.0|javax.enterprise.system.tools.admin.org.glassfish.server|_ThreadID=28;_ThreadName=Thread-1;|AMX config read, domain config registered as amx:pp=/,type=domain|#]

[#|2010-10-25T21:19:32.034-0400|INFO|glassfishv3.0|javax.enterprise.system.tools.admin.org.glassfish.server|_ThreadID=29;_ThreadName=Thread-1;|J2EEDomain registered at amx:pp=/,type=J2EEDomain,j2eeType=J2EEDomain,name=amx|#]

[#|2010-10-25T21:19:32.044-0400|INFO|glassfishv3.0|javax.enterprise.system.tools.admin.org.glassfish.server|_ThreadID=27;_ThreadName=Thread-1;|AMXStartupServiceNew: AMX ready for use, DomainRoot = amx:pp=,type=domain-root|#]

[#|2010-10-25T21:20:56.664-0400|INFO|glassfishv3.0|org.glassfish.admingui|_ThreadID=19;_ThreadName=Thread-1;|admin console: initSessionAttributes()|#]

[#|2010-10-25T21:21:03.384-0400|INFO|glassfishv3.0|org.glassfish.admingui|_ThreadID=19;_ThreadName=Thread-1;|Update Component count = 40|#]

[#|2010-10-25T21:23:17.195-0400|WARNING|glassfishv3.0|org.apache.catalina.connector.Request|_ThreadID=27;_ThreadName=Thread-1;|PWC4011: Unable to set request character encoding to UTF-8 from context , because request parameters have already been read, or ServletRequest.getReader() has already been called|#]

[#|2010-10-25T21:24:20.975-0400|INFO|glassfishv3.0|javax.enterprise.system.core.transaction.com.sun.jts.CosTransactions|_ThreadID=27;_ThreadName=Thread-1;|JTS5014: Recoverable JTS instance, serverId = [3700]|#]

[#|2010-10-25T21:24:23.900-0400|WARNING|glassfishv3.0|org.glassfish.admin.amx.core.AMXValidator|_ThreadID=30;_ThreadName=Thread-1;|Attribute 'ManagerId' failed for amx:pp=/mon/server-mon[server]/ORB-Root[S1AS-ORB]/oa.poa.POAFactory,type=oa.poa.POAImpl,name=RootPOA.#RFMBase#.84414052708253696_RBusiness_com.webage.ejbs._SimpleBean_Remote-EJBHome
java.lang.NullPointerException
	at com.sun.corba.ee.impl.oa.poa.POAImpl.getManagerId(POAImpl.java:1701)
	at sun.reflect.NativeMethodAccessorImpl.invoke0(Native Method)
	at sun.reflect.NativeMethodAccessorImpl.invoke(NativeMethodAccessorImpl.java:39)
	at sun.reflect.DelegatingMethodAccessorImpl.invoke(DelegatingMethodAccessorImpl.java:25)
	at java.lang.reflect.Method.invoke(Method.java:597)
	at org.glassfish.gmbal.generic.FacetAccessorImpl.invoke(FacetAccessorImpl.java:126)
	at org.glassfish.gmbal.impl.MBeanImpl.invoke(MBeanImpl.java:440)
	at org.glassfish.gmbal.impl.AttributeDescriptor.get(AttributeDescriptor.java:144)
	at org.glassfish.gmbal.impl.MBeanSkeleton.getAttribute(MBeanSkeleton.java:569)
	at org.glassfish.gmbal.impl.MBeanImpl.getAttribute(MBeanImpl.java:378)
	at com.sun.jmx.interceptor.DefaultMBeanServerInterceptor.getAttribute(DefaultMBeanServerInterceptor.java:666)
	at com.sun.jmx.mbeanserver.JmxMBeanServer.getAttribute(JmxMBeanServer.java:638)
	at org.glassfish.admin.amx.util.jmx.MBeanProxyHandler.getAttribute(MBeanProxyHandler.java:247)
	at org.glassfish.admin.amx.core.AMXValidator._validate(AMXValidator.java:587)
	at org.glassfish.admin.amx.core.AMXValidator.validate(AMXValidator.java:1298)
	at org.glassfish.admin.amx.impl.mbean.ComplianceMonitor$ValidatorThread.doRun(ComplianceMonitor.java:256)
	at org.glassfish.admin.amx.impl.mbean.ComplianceMonitor$ValidatorThread.run(ComplianceMonitor.java:227)
|#]

[#|2010-10-25T21:24:24.490-0400|INFO|glassfishv3.0|javax.enterprise.system.container.ejb.com.sun.ejb.containers|_ThreadID=27;_ThreadName=Thread-1;|Portable JNDI names for EJB Example : [java:global/aborges-webapp/Example, java:global/aborges-webapp/Example!com.webage.ejbs.SimpleBean]|#]

[#|2010-10-25T21:24:24.535-0400|INFO|glassfishv3.0|javax.enterprise.system.container.ejb.com.sun.ejb.containers|_ThreadID=27;_ThreadName=Thread-1;|Glassfish-specific (Non-portable) JNDI names for EJB Example : [ejb/SimpleBeanJNDI, ejb/SimpleBeanJNDI#com.webage.ejbs.SimpleBean]|#]

[#|2010-10-25T21:24:24.545-0400|WARNING|glassfishv3.0|org.glassfish.admin.amx.core.AMXValidator|_ThreadID=30;_ThreadName=Thread-1;|Attribute 'ManagerId' failed for amx:pp=/mon/server-mon[server]/ORB-Root[S1AS-ORB]/oa.poa.POAFactory,type=oa.poa.POAImpl,name=RootPOA.#RFMBase#.84414052708253696_RBusiness_com.webage.ejbs._SimpleBean_Remote-EJBObject
java.lang.NullPointerException
	at com.sun.corba.ee.impl.oa.poa.POAImpl.getManagerId(POAImpl.java:1701)
	at sun.reflect.GeneratedMethodAccessor265.invoke(Unknown Source)
	at sun.reflect.DelegatingMethodAccessorImpl.invoke(DelegatingMethodAccessorImpl.java:25)
	at java.lang.reflect.Method.invoke(Method.java:597)
	at org.glassfish.gmbal.generic.FacetAccessorImpl.invoke(FacetAccessorImpl.java:126)
	at org.glassfish.gmbal.impl.MBeanImpl.invoke(MBeanImpl.java:440)
	at org.glassfish.gmbal.impl.AttributeDescriptor.get(AttributeDescriptor.java:144)
	at org.glassfish.gmbal.impl.MBeanSkeleton.getAttribute(MBeanSkeleton.java:569)
	at org.glassfish.gmbal.impl.MBeanImpl.getAttribute(MBeanImpl.java:378)
	at com.sun.jmx.interceptor.DefaultMBeanServerInterceptor.getAttribute(DefaultMBeanServerInterceptor.java:666)
	at com.sun.jmx.mbeanserver.JmxMBeanServer.getAttribute(JmxMBeanServer.java:638)
	at org.glassfish.admin.amx.util.jmx.MBeanProxyHandler.getAttribute(MBeanProxyHandler.java:247)
	at org.glassfish.admin.amx.core.AMXValidator._validate(AMXValidator.java:587)
	at org.glassfish.admin.amx.core.AMXValidator.validate(AMXValidator.java:1298)
	at org.glassfish.admin.amx.impl.mbean.ComplianceMonitor$ValidatorThread.doRun(ComplianceMonitor.java:256)
	at org.glassfish.admin.amx.impl.mbean.ComplianceMonitor$ValidatorThread.run(ComplianceMonitor.java:227)
|#]

[#|2010-10-25T21:24:24.550-0400|WARNING|glassfishv3.0|org.glassfish.admin.amx.core.AMXValidator|_ThreadID=30;_ThreadName=Thread-1;|Attribute 'servant' failed for amx:pp=/mon/server-mon[server]/ORB-Root[S1AS-ORB]/oa.poa.POAFactory,type=oa.poa.POAImpl,name=RootPOA.#RFMBase#.84414052708253696_RBusiness_com.webage.ejbs._SimpleBean_Remote-EJBObject
java.lang.NullPointerException
	at com.sun.corba.ee.impl.oa.poa.POAImpl.get_servant(POAImpl.java:1338)
	at com.sun.corba.ee.impl.oa.poa.POAImpl.servant(POAImpl.java:1348)
	at sun.reflect.GeneratedMethodAccessor268.invoke(Unknown Source)
	at sun.reflect.DelegatingMethodAccessorImpl.invoke(DelegatingMethodAccessorImpl.java:25)
	at java.lang.reflect.Method.invoke(Method.java:597)
	at org.glassfish.gmbal.generic.FacetAccessorImpl.invoke(FacetAccessorImpl.java:126)
	at org.glassfish.gmbal.impl.MBeanImpl.invoke(MBeanImpl.java:440)
	at org.glassfish.gmbal.impl.AttributeDescriptor.get(AttributeDescriptor.java:144)
	at org.glassfish.gmbal.impl.MBeanSkeleton.getAttribute(MBeanSkeleton.java:569)
	at org.glassfish.gmbal.impl.MBeanImpl.getAttribute(MBeanImpl.java:378)
	at com.sun.jmx.interceptor.DefaultMBeanServerInterceptor.getAttribute(DefaultMBeanServerInterceptor.java:666)
	at com.sun.jmx.mbeanserver.JmxMBeanServer.getAttribute(JmxMBeanServer.java:638)
	at org.glassfish.admin.amx.util.jmx.MBeanProxyHandler.getAttribute(MBeanProxyHandler.java:247)
	at org.glassfish.admin.amx.core.AMXValidator._validate(AMXValidator.java:587)
	at org.glassfish.admin.amx.core.AMXValidator.validate(AMXValidator.java:1298)
	at org.glassfish.admin.amx.impl.mbean.ComplianceMonitor$ValidatorThread.doRun(ComplianceMonitor.java:256)
	at org.glassfish.admin.amx.impl.mbean.ComplianceMonitor$ValidatorThread.run(ComplianceMonitor.java:227)
|#]

[#|2010-10-25T21:24:24.550-0400|WARNING|glassfishv3.0|org.glassfish.admin.amx.core.AMXValidator|_ThreadID=30;_ThreadName=Thread-1;|Attribute 'servantManager' failed for amx:pp=/mon/server-mon[server]/ORB-Root[S1AS-ORB]/oa.poa.POAFactory,type=oa.poa.POAImpl,name=RootPOA.#RFMBase#.84414052708253696_RBusiness_com.webage.ejbs._SimpleBean_Remote-EJBObject
java.lang.NullPointerException
	at com.sun.corba.ee.impl.oa.poa.POAImpl.get_servant_manager(POAImpl.java:1292)
	at com.sun.corba.ee.impl.oa.poa.POAImpl.servantManager(POAImpl.java:1302)
	at sun.reflect.GeneratedMethodAccessor277.invoke(Unknown Source)
	at sun.reflect.DelegatingMethodAccessorImpl.invoke(DelegatingMethodAccessorImpl.java:25)
	at java.lang.reflect.Method.invoke(Method.java:597)
	at org.glassfish.gmbal.generic.FacetAccessorImpl.invoke(FacetAccessorImpl.java:126)
	at org.glassfish.gmbal.impl.MBeanImpl.invoke(MBeanImpl.java:440)
	at org.glassfish.gmbal.impl.AttributeDescriptor.get(AttributeDescriptor.java:144)
	at org.glassfish.gmbal.impl.MBeanSkeleton.getAttribute(MBeanSkeleton.java:569)
	at org.glassfish.gmbal.impl.MBeanImpl.getAttribute(MBeanImpl.java:378)
	at com.sun.jmx.interceptor.DefaultMBeanServerInterceptor.getAttribute(DefaultMBeanServerInterceptor.java:666)
	at com.sun.jmx.mbeanserver.JmxMBeanServer.getAttribute(JmxMBeanServer.java:638)
	at org.glassfish.admin.amx.util.jmx.MBeanProxyHandler.getAttribute(MBeanProxyHandler.java:247)
	at org.glassfish.admin.amx.core.AMXValidator._validate(AMXValidator.java:587)
	at org.glassfish.admin.amx.core.AMXValidator.validate(AMXValidator.java:1298)
	at org.glassfish.admin.amx.impl.mbean.ComplianceMonitor$ValidatorThread.doRun(ComplianceMonitor.java:256)
	at org.glassfish.admin.amx.impl.mbean.ComplianceMonitor$ValidatorThread.run(ComplianceMonitor.java:227)
|#]

[#|2010-10-25T21:24:24.550-0400|WARNING|glassfishv3.0|org.glassfish.admin.amx.core.AMXValidator|_ThreadID=30;_ThreadName=Thread-1;|Attribute 'State' failed for amx:pp=/mon/server-mon[server]/ORB-Root[S1AS-ORB]/oa.poa.POAFactory,type=oa.poa.POAImpl,name=RootPOA.#RFMBase#.84414052708253696_RBusiness_com.webage.ejbs._SimpleBean_Remote-EJBObject
java.lang.NullPointerException
	at com.sun.corba.ee.impl.oa.poa.POAImpl.getState(POAImpl.java:1706)
	at com.sun.corba.ee.spi.oa.ObjectAdapterBase.getDisplayState(ObjectAdapterBase.java:181)
	at sun.reflect.GeneratedMethodAccessor278.invoke(Unknown Source)
	at sun.reflect.DelegatingMethodAccessorImpl.invoke(DelegatingMethodAccessorImpl.java:25)
	at java.lang.reflect.Method.invoke(Method.java:597)
	at org.glassfish.gmbal.generic.FacetAccessorImpl.invoke(FacetAccessorImpl.java:126)
	at org.glassfish.gmbal.impl.MBeanImpl.invoke(MBeanImpl.java:440)
	at org.glassfish.gmbal.impl.AttributeDescriptor.get(AttributeDescriptor.java:144)
	at org.glassfish.gmbal.impl.MBeanSkeleton.getAttribute(MBeanSkeleton.java:569)
	at org.glassfish.gmbal.impl.MBeanImpl.getAttribute(MBeanImpl.java:378)
	at com.sun.jmx.interceptor.DefaultMBeanServerInterceptor.getAttribute(DefaultMBeanServerInterceptor.java:666)
	at com.sun.jmx.mbeanserver.JmxMBeanServer.getAttribute(JmxMBeanServer.java:638)
	at org.glassfish.admin.amx.util.jmx.MBeanProxyHandler.getAttribute(MBeanProxyHandler.java:247)
	at org.glassfish.admin.amx.core.AMXValidator._validate(AMXValidator.java:587)
	at org.glassfish.admin.amx.core.AMXValidator.validate(AMXValidator.java:1298)
	at org.glassfish.admin.amx.impl.mbean.ComplianceMonitor$ValidatorThread.doRun(ComplianceMonitor.java:256)
	at org.glassfish.admin.amx.impl.mbean.ComplianceMonitor$ValidatorThread.run(ComplianceMonitor.java:227)
|#]

[#|2010-10-25T21:24:24.555-0400|INFO|glassfishv3.0|javax.enterprise.system.tools.admin.org.glassfish.server|_ThreadID=30;_ThreadName=Thread-1;|amx:pp=/mon/server-mon[server]/ORB-Root[S1AS-ORB]/oa.poa.POAFactory,type=oa.poa.POAImpl,name=RootPOA.#RFMBase#.84414052708253696_RBusiness_com.webage.ejbs._SimpleBean_Remote-EJBObject
General test failure: 
java.lang.NullPointerException: "null"
com.sun.corba.ee.impl.oa.poa.POAImpl.getManagerId(POAImpl.java:1701)
sun.reflect.GeneratedMethodAccessor265.invoke(Unknown Source)
sun.reflect.DelegatingMethodAccessorImpl.invoke(DelegatingMethodAccessorImpl.java:25)
java.lang.reflect.Method.invoke(Method.java:597)
org.glassfish.gmbal.generic.FacetAccessorImpl.invoke(FacetAccessorImpl.java:126)
org.glassfish.gmbal.impl.MBeanImpl.invoke(MBeanImpl.java:440)
org.glassfish.gmbal.impl.AttributeDescriptor.get(AttributeDescriptor.java:144)
org.glassfish.gmbal.impl.MBeanSkeleton.getAttribute(MBeanSkeleton.java:569)
org.glassfish.gmbal.impl.MBeanSkeleton.getAttributes(MBeanSkeleton.java:625)
org.glassfish.gmbal.impl.MBeanImpl.getAttributes(MBeanImpl.java:389)
com.sun.jmx.interceptor.DefaultMBeanServerInterceptor.getAttributes(DefaultMBeanServerInterceptor.java:726)
com.sun.jmx.mbeanserver.JmxMBeanServer.getAttributes(JmxMBeanServer.java:665)
org.glassfish.admin.amx.util.jmx.MBeanProxyHandler.getAttributes(MBeanProxyHandler.java:273)
org.glassfish.admin.amx.core.proxy.AMXProxyHandler.attributesMap(AMXProxyHandler.java:1193)
org.glassfish.admin.amx.core.proxy.AMXProxyHandler.attributesMap(AMXProxyHandler.java:1203)
org.glassfish.admin.amx.core.proxy.AMXProxyHandler.handleSpecialMethod(AMXProxyHandler.java:414)
org.glassfish.admin.amx.core.proxy.AMXProxyHandler._invoke(AMXProxyHandler.java:792)
org.glassfish.admin.amx.core.proxy.AMXProxyHandler.invoke(AMXProxyHandler.java:526)
$Proxy104.attributesMap(Unknown Source)
org.glassfish.admin.amx.core.AMXValidator._validate(AMXValidator.java:642)
org.glassfish.admin.amx.core.AMXValidator.validate(AMXValidator.java:1298)
org.glassfish.admin.amx.impl.mbean.ComplianceMonitor$ValidatorThread.doRun(ComplianceMonitor.java:256)
org.glassfish.admin.amx.impl.mbean.ComplianceMonitor$ValidatorThread.run(ComplianceMonitor.java:227)


1 failures.
1 MBeans tested.|#]

[#|2010-10-25T21:24:25.195-0400|INFO|glassfishv3.0|javax.enterprise.system.container.ejb.com.sun.ejb.containers|_ThreadID=27;_ThreadName=Thread-1;|Portable JNDI names for EJB TimerBean : [java:global/aborges-webapp/TimerBean, java:global/aborges-webapp/TimerBean!com.sun.ejb.containers.TimerLocal]|#]

[#|2010-10-25T21:24:37.815-0400|INFO|glassfishv3.0|javax.enterprise.resource.webcontainer.jsf.config|_ThreadID=27;_ThreadName=Thread-1;|Initialisation de Mojarra 2.0.2 (FCS b10) pour le contexte '/aborges-webapp'|#]

[#|2010-10-25T21:24:57.560-0400|INFO|glassfishv3.0|org.apache.struts.action.ActionServlet|_ThreadID=27;_ThreadName=Thread-1;|Loading chain catalog from jar:file:/C:/workspaceGlassfish/.metadata/.plugins/com.sun.enterprise.jst.server.sunappsrv92/domain1/applications/aborges-webapp/WEB-INF/lib/struts-core-1.3.10.jar!/org/apache/struts/chain/chain-config.xml|#]

[#|2010-10-25T21:25:00.565-0400|INFO|glassfishv3.0|javax.enterprise.system.container.web.com.sun.enterprise.web|_ThreadID=27;_ThreadName=Thread-1;|Loading application aborges-webapp at /aborges-webapp|#]

[#|2010-10-25T21:25:00.565-0400|INFO|glassfishv3.0|javax.enterprise.system.container.web.com.sun.enterprise.web|_ThreadID=27;_ThreadName=http-thread-pool-4860-(2);|Loading application aborges-webapp at /aborges-webapp|#]

[#|2010-10-25T21:25:00.565-0400|INFO|glassfishv3.0|javax.enterprise.system.container.web.com.sun.enterprise.web|_ThreadID=27;_ThreadName=http-thread-pool-4860-(2);|Loading application aborges-webapp at /aborges-webapp|#]

[#|2010-10-25T21:25:01.050-0400|INFO|glassfishv3.0|org.hibernate.validator.util.Version|_ThreadID=27;_ThreadName=Thread-1;|Hibernate Validator bean-validator-3.0-JBoss-4.0.2|#]

[#|2010-10-25T21:25:01.175-0400|INFO|glassfishv3.0|org.hibernate.validator.engine.resolver.DefaultTraversableResolver|_ThreadID=27;_ThreadName=Thread-1;|Instantiated an instance of org.hibernate.validator.engine.resolver.JPATraversableResolver.|#]

[#|2010-10-25T21:25:03.845-0400|INFO|glassfishv3.0|javax.enterprise.system.tools.admin.org.glassfish.deployment.admin|_ThreadID=27;_ThreadName=Thread-1;|aborges-webapp was successfully deployed in 102180 milliseconds.|#]

[#|2010-10-25T21:27:34.186-0400|WARNING|glassfishv3.0|org.apache.catalina.connector.Request|_ThreadID=19;_ThreadName=Thread-1;|PWC4011: Unable to set request character encoding to UTF-8 from context , because request parameters have already been read, or ServletRequest.getReader() has already been called|#]

[#|2010-10-25T21:28:06.201-0400|WARNING|glassfishv3.0|org.apache.catalina.connector.Request|_ThreadID=19;_ThreadName=Thread-1;|PWC4011: Unable to set request character encoding to UTF-8 from context , because request parameters have already been read, or ServletRequest.getReader() has already been called|#]

[#|2010-10-25T21:28:07.406-0400|WARNING|glassfishv3.0|javax.enterprise.system.tools.deployment.org.glassfish.deployment.common|_ThreadID=19;_ThreadName=Thread-1;|Error in annotation processing: java.lang.NoClassDefFoundError: build/classes/com/MyEclipseide/ejb3/MyBean (wrong name: com/MyEclipseide/ejb3/MyBean)|#]

[#|2010-10-25T21:28:07.471-0400|SEVERE|glassfishv3.0|javax.enterprise.system.core.com.sun.enterprise.v3.server|_ThreadID=19;_ThreadName=Thread-1;|Exception while deploying the app
java.lang.IllegalArgumentException: Invalid ejb jar [SampleEJBProject]: it contains zero ejb. 
Note: 
1. A valid ejb jar requires at least one session, entity (1.x/2.x style), or message-driven bean. 
2. EJB3+ entity beans (@Entity) are POJOs and please package them as library jar. 
3. If the jar file contains valid EJBs which are annotated with EJB component level annotations (@Stateless, @Stateful, @MessageDriven, @Singleton), please check server.log to see whether the annotations were processed properly.
	at com.sun.enterprise.deployment.util.EjbBundleValidator.accept(EjbBundleValidator.java:72)
	at com.sun.enterprise.deployment.util.ApplicationValidator.accept(ApplicationValidator.java:124)
	at com.sun.enterprise.deployment.EjbBundleDescriptor.visit(EjbBundleDescriptor.java:722)
	at com.sun.enterprise.deployment.Application.visit(Application.java:1744)
	at com.sun.enterprise.deployment.archivist.ApplicationFactory.openArchive(ApplicationFactory.java:177)
	at org.glassfish.javaee.core.deployment.DolProvider.load(DolProvider.java:155)
	at org.glassfish.javaee.core.deployment.DolProvider.load(DolProvider.java:78)
	at com.sun.enterprise.v3.server.ApplicationLifecycle.loadDeployer(ApplicationLifecycle.java:612)
	at com.sun.enterprise.v3.server.ApplicationLifecycle.setupContainerInfos(ApplicationLifecycle.java:554)
	at com.sun.enterprise.v3.server.ApplicationLifecycle.deploy(ApplicationLifecycle.java:262)
	at com.sun.enterprise.v3.server.ApplicationLifecycle.deploy(ApplicationLifecycle.java:183)
	at org.glassfish.deployment.admin.DeployCommand.execute(DeployCommand.java:272)
	at com.sun.enterprise.v3.admin.CommandRunnerImpl$1.execute(CommandRunnerImpl.java:305)
	at com.sun.enterprise.v3.admin.CommandRunnerImpl.doCommand(CommandRunnerImpl.java:320)
	at com.sun.enterprise.v3.admin.CommandRunnerImpl.doCommand(CommandRunnerImpl.java:1176)
	at com.sun.enterprise.v3.admin.CommandRunnerImpl.access$900(CommandRunnerImpl.java:83)
	at com.sun.enterprise.v3.admin.CommandRunnerImpl$ExecutionContext.execute(CommandRunnerImpl.java:1235)
	at com.sun.enterprise.v3.admin.CommandRunnerImpl$ExecutionContext.execute(CommandRunnerImpl.java:1224)
	at org.glassfish.admingui.common.util.LocalDeploymentFacility$LocalDFCommandRunner.run(LocalDeploymentFacility.java:138)
	at org.glassfish.deployment.client.AbstractDeploymentFacility.deploy(AbstractDeploymentFacility.java:350)
	at org.glassfish.admingui.common.util.DeployUtil.invokeDeploymentFacility(DeployUtil.java:89)
	at org.glassfish.admingui.common.util.DeployUtil.deploy(DeployUtil.java:66)
	at org.glassfish.admingui.common.handlers.DeploymentHandler.deploy(DeploymentHandler.java:186)
	at sun.reflect.NativeMethodAccessorImpl.invoke0(Native Method)
	at sun.reflect.NativeMethodAccessorImpl.invoke(NativeMethodAccessorImpl.java:39)
	at sun.reflect.DelegatingMethodAccessorImpl.invoke(DelegatingMethodAccessorImpl.java:25)
	at java.lang.reflect.Method.invoke(Method.java:597)
	at com.sun.jsftemplating.layout.descriptors.handler.Handler.invoke(Handler.java:442)
	at com.sun.jsftemplating.layout.descriptors.LayoutElementBase.dispatchHandlers(LayoutElementBase.java:420)
	at com.sun.jsftemplating.layout.descriptors.LayoutElementBase.dispatchHandlers(LayoutElementBase.java:394)
	at com.sun.jsftemplating.layout.event.CommandActionListener.invokeCommandHandlers(CommandActionListener.java:150)
	at com.sun.jsftemplating.layout.event.CommandActionListener.processAction(CommandActionListener.java:98)
	at javax.faces.event.ActionEvent.processListener(ActionEvent.java:88)
	at javax.faces.component.UIComponentBase.broadcast(UIComponentBase.java:772)
	at javax.faces.component.UICommand.broadcast(UICommand.java:300)
	at com.sun.webui.jsf.component.WebuiCommand.broadcast(WebuiCommand.java:160)
	at javax.faces.component.UIViewRoot.broadcastEvents(UIViewRoot.java:775)
	at javax.faces.component.UIViewRoot.processApplication(UIViewRoot.java:1267)
	at com.sun.faces.lifecycle.InvokeApplicationPhase.execute(InvokeApplicationPhase.java:82)
	at com.sun.faces.lifecycle.Phase.doPhase(Phase.java:101)
	at com.sun.faces.lifecycle.LifecycleImpl.execute(LifecycleImpl.java:118)
	at javax.faces.webapp.FacesServlet.service(FacesServlet.java:312)
	at org.apache.catalina.core.StandardWrapper.service(StandardWrapper.java:1523)
	at org.apache.catalina.core.ApplicationFilterChain.internalDoFilter(ApplicationFilterChain.java:343)
	at org.apache.catalina.core.ApplicationFilterChain.doFilter(ApplicationFilterChain.java:215)
	at com.sun.webui.jsf.util.UploadFilter.doFilter(UploadFilter.java:229)
	at org.apache.catalina.core.ApplicationFilterChain.internalDoFilter(ApplicationFilterChain.java:256)
	at org.apache.catalina.core.ApplicationFilterChain.doFilter(ApplicationFilterChain.java:215)
	at org.apache.catalina.core.StandardWrapperValve.invoke(StandardWrapperValve.java:277)
	at org.apache.catalina.core.StandardContextValve.invoke(StandardContextValve.java:188)
	at org.apache.catalina.core.StandardPipeline.invoke(StandardPipeline.java:641)
	at com.sun.enterprise.web.WebPipeline.invoke(WebPipeline.java:97)
	at com.sun.enterprise.web.PESessionLockingStandardPipeline.invoke(PESessionLockingStandardPipeline.java:85)
	at org.apache.catalina.core.StandardHostValve.invoke(StandardHostValve.java:185)
	at org.apache.catalina.connector.CoyoteAdapter.doService(CoyoteAdapter.java:332)
	at org.apache.catalina.connector.CoyoteAdapter.service(CoyoteAdapter.java:233)
	at com.sun.enterprise.v3.services.impl.ContainerMapper.service(ContainerMapper.java:239)
	at com.sun.grizzly.http.ProcessorTask.invokeAdapter(ProcessorTask.java:791)
	at com.sun.grizzly.http.ProcessorTask.doProcess(ProcessorTask.java:693)
	at com.sun.grizzly.http.ProcessorTask.process(ProcessorTask.java:954)
	at com.sun.grizzly.http.DefaultProtocolFilter.execute(DefaultProtocolFilter.java:170)
	at com.sun.grizzly.DefaultProtocolChain.executeProtocolFilter(DefaultProtocolChain.java:135)
	at com.sun.grizzly.DefaultProtocolChain.execute(DefaultProtocolChain.java:102)
	at com.sun.grizzly.DefaultProtocolChain.execute(DefaultProtocolChain.java:88)
	at com.sun.grizzly.http.HttpProtocolChain.execute(HttpProtocolChain.java:76)
	at com.sun.grizzly.ProtocolChainContextTask.doCall(ProtocolChainContextTask.java:53)
	at com.sun.grizzly.SelectionKeyContextTask.call(SelectionKeyContextTask.java:57)
	at com.sun.grizzly.ContextTask.run(ContextTask.java:69)
	at com.sun.grizzly.util.AbstractThreadPool$Worker.doWork(AbstractThreadPool.java:330)
	at com.sun.grizzly.util.AbstractThreadPool$Worker.run(AbstractThreadPool.java:309)
	at java.lang.Thread.run(Thread.java:619)
|#]

[#|2010-10-25T21:29:23.351-0400|WARNING|glassfishv3.0|org.apache.catalina.connector.Request|_ThreadID=27;_ThreadName=Thread-1;|PWC4011: Unable to set request character encoding to UTF-8 from context , because request parameters have already been read, or ServletRequest.getReader() has already been called|#]

[#|2010-10-25T21:29:24.991-0400|WARNING|glassfishv3.0|org.glassfish.admin.amx.core.AMXValidator|_ThreadID=30;_ThreadName=Thread-1;|Attribute 'ManagerId' failed for amx:pp=/mon/server-mon[server]/ORB-Root[S1AS-ORB]/oa.poa.POAFactory,type=oa.poa.POAImpl,name=RootPOA.#RFMBase#.84414052708319232_RBusiness_com.MyEclipseide.ejb3._MyBeanRemote_Remote-EJBHome
java.lang.NullPointerException
	at com.sun.corba.ee.impl.oa.poa.POAImpl.getManagerId(POAImpl.java:1701)
	at sun.reflect.GeneratedMethodAccessor265.invoke(Unknown Source)
	at sun.reflect.DelegatingMethodAccessorImpl.invoke(DelegatingMethodAccessorImpl.java:25)
	at java.lang.reflect.Method.invoke(Method.java:597)
	at org.glassfish.gmbal.generic.FacetAccessorImpl.invoke(FacetAccessorImpl.java:126)
	at org.glassfish.gmbal.impl.MBeanImpl.invoke(MBeanImpl.java:440)
	at org.glassfish.gmbal.impl.AttributeDescriptor.get(AttributeDescriptor.java:144)
	at org.glassfish.gmbal.impl.MBeanSkeleton.getAttribute(MBeanSkeleton.java:569)
	at org.glassfish.gmbal.impl.MBeanImpl.getAttribute(MBeanImpl.java:378)
	at com.sun.jmx.interceptor.DefaultMBeanServerInterceptor.getAttribute(DefaultMBeanServerInterceptor.java:666)
	at com.sun.jmx.mbeanserver.JmxMBeanServer.getAttribute(JmxMBeanServer.java:638)
	at org.glassfish.admin.amx.util.jmx.MBeanProxyHandler.getAttribute(MBeanProxyHandler.java:247)
	at org.glassfish.admin.amx.core.AMXValidator._validate(AMXValidator.java:587)
	at org.glassfish.admin.amx.core.AMXValidator.validate(AMXValidator.java:1298)
	at org.glassfish.admin.amx.impl.mbean.ComplianceMonitor$ValidatorThread.doRun(ComplianceMonitor.java:256)
	at org.glassfish.admin.amx.impl.mbean.ComplianceMonitor$ValidatorThread.run(ComplianceMonitor.java:227)
|#]

[#|2010-10-25T21:29:24.991-0400|WARNING|glassfishv3.0|org.glassfish.admin.amx.core.AMXValidator|_ThreadID=30;_ThreadName=Thread-1;|Attribute 'servant' failed for amx:pp=/mon/server-mon[server]/ORB-Root[S1AS-ORB]/oa.poa.POAFactory,type=oa.poa.POAImpl,name=RootPOA.#RFMBase#.84414052708319232_RBusiness_com.MyEclipseide.ejb3._MyBeanRemote_Remote-EJBHome
java.lang.NullPointerException
	at com.sun.corba.ee.impl.oa.poa.POAImpl.get_servant(POAImpl.java:1338)
	at com.sun.corba.ee.impl.oa.poa.POAImpl.servant(POAImpl.java:1348)
	at sun.reflect.GeneratedMethodAccessor268.invoke(Unknown Source)
	at sun.reflect.DelegatingMethodAccessorImpl.invoke(DelegatingMethodAccessorImpl.java:25)
	at java.lang.reflect.Method.invoke(Method.java:597)
	at org.glassfish.gmbal.generic.FacetAccessorImpl.invoke(FacetAccessorImpl.java:126)
	at org.glassfish.gmbal.impl.MBeanImpl.invoke(MBeanImpl.java:440)
	at org.glassfish.gmbal.impl.AttributeDescriptor.get(AttributeDescriptor.java:144)
	at org.glassfish.gmbal.impl.MBeanSkeleton.getAttribute(MBeanSkeleton.java:569)
	at org.glassfish.gmbal.impl.MBeanImpl.getAttribute(MBeanImpl.java:378)
	at com.sun.jmx.interceptor.DefaultMBeanServerInterceptor.getAttribute(DefaultMBeanServerInterceptor.java:666)
	at com.sun.jmx.mbeanserver.JmxMBeanServer.getAttribute(JmxMBeanServer.java:638)
	at org.glassfish.admin.amx.util.jmx.MBeanProxyHandler.getAttribute(MBeanProxyHandler.java:247)
	at org.glassfish.admin.amx.core.AMXValidator._validate(AMXValidator.java:587)
	at org.glassfish.admin.amx.core.AMXValidator.validate(AMXValidator.java:1298)
	at org.glassfish.admin.amx.impl.mbean.ComplianceMonitor$ValidatorThread.doRun(ComplianceMonitor.java:256)
	at org.glassfish.admin.amx.impl.mbean.ComplianceMonitor$ValidatorThread.run(ComplianceMonitor.java:227)
|#]

[#|2010-10-25T21:29:24.996-0400|WARNING|glassfishv3.0|org.glassfish.admin.amx.core.AMXValidator|_ThreadID=30;_ThreadName=Thread-1;|Attribute 'servantManager' failed for amx:pp=/mon/server-mon[server]/ORB-Root[S1AS-ORB]/oa.poa.POAFactory,type=oa.poa.POAImpl,name=RootPOA.#RFMBase#.84414052708319232_RBusiness_com.MyEclipseide.ejb3._MyBeanRemote_Remote-EJBHome
java.lang.NullPointerException
	at com.sun.corba.ee.impl.oa.poa.POAImpl.get_servant_manager(POAImpl.java:1292)
	at com.sun.corba.ee.impl.oa.poa.POAImpl.servantManager(POAImpl.java:1302)
	at sun.reflect.GeneratedMethodAccessor277.invoke(Unknown Source)
	at sun.reflect.DelegatingMethodAccessorImpl.invoke(DelegatingMethodAccessorImpl.java:25)
	at java.lang.reflect.Method.invoke(Method.java:597)
	at org.glassfish.gmbal.generic.FacetAccessorImpl.invoke(FacetAccessorImpl.java:126)
	at org.glassfish.gmbal.impl.MBeanImpl.invoke(MBeanImpl.java:440)
	at org.glassfish.gmbal.impl.AttributeDescriptor.get(AttributeDescriptor.java:144)
	at org.glassfish.gmbal.impl.MBeanSkeleton.getAttribute(MBeanSkeleton.java:569)
	at org.glassfish.gmbal.impl.MBeanImpl.getAttribute(MBeanImpl.java:378)
	at com.sun.jmx.interceptor.DefaultMBeanServerInterceptor.getAttribute(DefaultMBeanServerInterceptor.java:666)
	at com.sun.jmx.mbeanserver.JmxMBeanServer.getAttribute(JmxMBeanServer.java:638)
	at org.glassfish.admin.amx.util.jmx.MBeanProxyHandler.getAttribute(MBeanProxyHandler.java:247)
	at org.glassfish.admin.amx.core.AMXValidator._validate(AMXValidator.java:587)
	at org.glassfish.admin.amx.core.AMXValidator.validate(AMXValidator.java:1298)
	at org.glassfish.admin.amx.impl.mbean.ComplianceMonitor$ValidatorThread.doRun(ComplianceMonitor.java:256)
	at org.glassfish.admin.amx.impl.mbean.ComplianceMonitor$ValidatorThread.run(ComplianceMonitor.java:227)
|#]

[#|2010-10-25T21:29:24.996-0400|WARNING|glassfishv3.0|org.glassfish.admin.amx.core.AMXValidator|_ThreadID=30;_ThreadName=Thread-1;|Attribute 'State' failed for amx:pp=/mon/server-mon[server]/ORB-Root[S1AS-ORB]/oa.poa.POAFactory,type=oa.poa.POAImpl,name=RootPOA.#RFMBase#.84414052708319232_RBusiness_com.MyEclipseide.ejb3._MyBeanRemote_Remote-EJBHome
java.lang.NullPointerException
	at com.sun.corba.ee.impl.oa.poa.POAImpl.getState(POAImpl.java:1706)
	at com.sun.corba.ee.spi.oa.ObjectAdapterBase.getDisplayState(ObjectAdapterBase.java:181)
	at sun.reflect.GeneratedMethodAccessor278.invoke(Unknown Source)
	at sun.reflect.DelegatingMethodAccessorImpl.invoke(DelegatingMethodAccessorImpl.java:25)
	at java.lang.reflect.Method.invoke(Method.java:597)
	at org.glassfish.gmbal.generic.FacetAccessorImpl.invoke(FacetAccessorImpl.java:126)
	at org.glassfish.gmbal.impl.MBeanImpl.invoke(MBeanImpl.java:440)
	at org.glassfish.gmbal.impl.AttributeDescriptor.get(AttributeDescriptor.java:144)
	at org.glassfish.gmbal.impl.MBeanSkeleton.getAttribute(MBeanSkeleton.java:569)
	at org.glassfish.gmbal.impl.MBeanImpl.getAttribute(MBeanImpl.java:378)
	at com.sun.jmx.interceptor.DefaultMBeanServerInterceptor.getAttribute(DefaultMBeanServerInterceptor.java:666)
	at com.sun.jmx.mbeanserver.JmxMBeanServer.getAttribute(JmxMBeanServer.java:638)
	at org.glassfish.admin.amx.util.jmx.MBeanProxyHandler.getAttribute(MBeanProxyHandler.java:247)
	at org.glassfish.admin.amx.core.AMXValidator._validate(AMXValidator.java:587)
	at org.glassfish.admin.amx.core.AMXValidator.validate(AMXValidator.java:1298)
	at org.glassfish.admin.amx.impl.mbean.ComplianceMonitor$ValidatorThread.doRun(ComplianceMonitor.java:256)
	at org.glassfish.admin.amx.impl.mbean.ComplianceMonitor$ValidatorThread.run(ComplianceMonitor.java:227)
|#]

[#|2010-10-25T21:29:24.996-0400|INFO|glassfishv3.0|javax.enterprise.system.tools.admin.org.glassfish.server|_ThreadID=30;_ThreadName=Thread-1;|amx:pp=/mon/server-mon[server]/ORB-Root[S1AS-ORB]/oa.poa.POAFactory,type=oa.poa.POAImpl,name=RootPOA.#RFMBase#.84414052708319232_RBusiness_com.MyEclipseide.ejb3._MyBeanRemote_Remote-EJBHome
General test failure: 
java.lang.NullPointerException: "null"
com.sun.corba.ee.impl.oa.poa.POAImpl.getManagerId(POAImpl.java:1701)
sun.reflect.GeneratedMethodAccessor265.invoke(Unknown Source)
sun.reflect.DelegatingMethodAccessorImpl.invoke(DelegatingMethodAccessorImpl.java:25)
java.lang.reflect.Method.invoke(Method.java:597)
org.glassfish.gmbal.generic.FacetAccessorImpl.invoke(FacetAccessorImpl.java:126)
org.glassfish.gmbal.impl.MBeanImpl.invoke(MBeanImpl.java:440)
org.glassfish.gmbal.impl.AttributeDescriptor.get(AttributeDescriptor.java:144)
org.glassfish.gmbal.impl.MBeanSkeleton.getAttribute(MBeanSkeleton.java:569)
org.glassfish.gmbal.impl.MBeanSkeleton.getAttributes(MBeanSkeleton.java:625)
org.glassfish.gmbal.impl.MBeanImpl.getAttributes(MBeanImpl.java:389)
com.sun.jmx.interceptor.DefaultMBeanServerInterceptor.getAttributes(DefaultMBeanServerInterceptor.java:726)
com.sun.jmx.mbeanserver.JmxMBeanServer.getAttributes(JmxMBeanServer.java:665)
org.glassfish.admin.amx.util.jmx.MBeanProxyHandler.getAttributes(MBeanProxyHandler.java:273)
org.glassfish.admin.amx.core.proxy.AMXProxyHandler.attributesMap(AMXProxyHandler.java:1193)
org.glassfish.admin.amx.core.proxy.AMXProxyHandler.attributesMap(AMXProxyHandler.java:1203)
org.glassfish.admin.amx.core.proxy.AMXProxyHandler.handleSpecialMethod(AMXProxyHandler.java:414)
org.glassfish.admin.amx.core.proxy.AMXProxyHandler._invoke(AMXProxyHandler.java:792)
org.glassfish.admin.amx.core.proxy.AMXProxyHandler.invoke(AMXProxyHandler.java:526)
$Proxy104.attributesMap(Unknown Source)
org.glassfish.admin.amx.core.AMXValidator._validate(AMXValidator.java:642)
org.glassfish.admin.amx.core.AMXValidator.validate(AMXValidator.java:1298)
org.glassfish.admin.amx.impl.mbean.ComplianceMonitor$ValidatorThread.doRun(ComplianceMonitor.java:256)
org.glassfish.admin.amx.impl.mbean.ComplianceMonitor$ValidatorThread.run(ComplianceMonitor.java:227)


1 failures.
1 MBeans tested.|#]

[#|2010-10-25T21:29:25.281-0400|INFO|glassfishv3.0|javax.enterprise.system.container.ejb.com.sun.ejb.containers|_ThreadID=27;_ThreadName=Thread-1;|Portable JNDI names for EJB MyBean : [java:global/SampleEJBProject/MyBean!com.MyEclipseide.ejb3.MyBeanRemote, java:global/SampleEJBProject/MyBean!com.MyEclipseide.ejb3.MyBeanLocal]|#]

[#|2010-10-25T21:29:25.281-0400|INFO|glassfishv3.0|javax.enterprise.system.container.ejb.com.sun.ejb.containers|_ThreadID=27;_ThreadName=Thread-1;|Glassfish-specific (Non-portable) JNDI names for EJB MyBean : [com.MyEclipseide.ejb3.MyBeanRemote, com.MyEclipseide.ejb3.MyBeanRemote#com.MyEclipseide.ejb3.MyBeanRemote]|#]

[#|2010-10-25T21:29:25.286-0400|WARNING|glassfishv3.0|org.glassfish.admin.amx.core.AMXValidator|_ThreadID=30;_ThreadName=Thread-1;|Attribute 'ManagerId' failed for amx:pp=/mon/server-mon[server]/ORB-Root[S1AS-ORB]/oa.poa.POAFactory,type=oa.poa.POAImpl,name=RootPOA.#RFMBase#.84414052708319232_RBusiness_com.MyEclipseide.ejb3._MyBeanRemote_Remote-EJBObject
java.lang.NullPointerException
	at com.sun.corba.ee.impl.oa.poa.POAImpl.getManagerId(POAImpl.java:1701)
	at sun.reflect.GeneratedMethodAccessor265.invoke(Unknown Source)
	at sun.reflect.DelegatingMethodAccessorImpl.invoke(DelegatingMethodAccessorImpl.java:25)
	at java.lang.reflect.Method.invoke(Method.java:597)
	at org.glassfish.gmbal.generic.FacetAccessorImpl.invoke(FacetAccessorImpl.java:126)
	at org.glassfish.gmbal.impl.MBeanImpl.invoke(MBeanImpl.java:440)
	at org.glassfish.gmbal.impl.AttributeDescriptor.get(AttributeDescriptor.java:144)
	at org.glassfish.gmbal.impl.MBeanSkeleton.getAttribute(MBeanSkeleton.java:569)
	at org.glassfish.gmbal.impl.MBeanImpl.getAttribute(MBeanImpl.java:378)
	at com.sun.jmx.interceptor.DefaultMBeanServerInterceptor.getAttribute(DefaultMBeanServerInterceptor.java:666)
	at com.sun.jmx.mbeanserver.JmxMBeanServer.getAttribute(JmxMBeanServer.java:638)
	at org.glassfish.admin.amx.util.jmx.MBeanProxyHandler.getAttribute(MBeanProxyHandler.java:247)
	at org.glassfish.admin.amx.core.AMXValidator._validate(AMXValidator.java:587)
	at org.glassfish.admin.amx.core.AMXValidator.validate(AMXValidator.java:1298)
	at org.glassfish.admin.amx.impl.mbean.ComplianceMonitor$ValidatorThread.doRun(ComplianceMonitor.java:256)
	at org.glassfish.admin.amx.impl.mbean.ComplianceMonitor$ValidatorThread.run(ComplianceMonitor.java:227)
|#]

[#|2010-10-25T21:29:25.286-0400|WARNING|glassfishv3.0|org.glassfish.admin.amx.core.AMXValidator|_ThreadID=30;_ThreadName=Thread-1;|Attribute 'servant' failed for amx:pp=/mon/server-mon[server]/ORB-Root[S1AS-ORB]/oa.poa.POAFactory,type=oa.poa.POAImpl,name=RootPOA.#RFMBase#.84414052708319232_RBusiness_com.MyEclipseide.ejb3._MyBeanRemote_Remote-EJBObject
java.lang.NullPointerException
	at com.sun.corba.ee.impl.oa.poa.POAImpl.get_servant(POAImpl.java:1338)
	at com.sun.corba.ee.impl.oa.poa.POAImpl.servant(POAImpl.java:1348)
	at sun.reflect.GeneratedMethodAccessor268.invoke(Unknown Source)
	at sun.reflect.DelegatingMethodAccessorImpl.invoke(DelegatingMethodAccessorImpl.java:25)
	at java.lang.reflect.Method.invoke(Method.java:597)
	at org.glassfish.gmbal.generic.FacetAccessorImpl.invoke(FacetAccessorImpl.java:126)
	at org.glassfish.gmbal.impl.MBeanImpl.invoke(MBeanImpl.java:440)
	at org.glassfish.gmbal.impl.AttributeDescriptor.get(AttributeDescriptor.java:144)
	at org.glassfish.gmbal.impl.MBeanSkeleton.getAttribute(MBeanSkeleton.java:569)
	at org.glassfish.gmbal.impl.MBeanImpl.getAttribute(MBeanImpl.java:378)
	at com.sun.jmx.interceptor.DefaultMBeanServerInterceptor.getAttribute(DefaultMBeanServerInterceptor.java:666)
	at com.sun.jmx.mbeanserver.JmxMBeanServer.getAttribute(JmxMBeanServer.java:638)
	at org.glassfish.admin.amx.util.jmx.MBeanProxyHandler.getAttribute(MBeanProxyHandler.java:247)
	at org.glassfish.admin.amx.core.AMXValidator._validate(AMXValidator.java:587)
	at org.glassfish.admin.amx.core.AMXValidator.validate(AMXValidator.java:1298)
	at org.glassfish.admin.amx.impl.mbean.ComplianceMonitor$ValidatorThread.doRun(ComplianceMonitor.java:256)
	at org.glassfish.admin.amx.impl.mbean.ComplianceMonitor$ValidatorThread.run(ComplianceMonitor.java:227)
|#]

[#|2010-10-25T21:29:25.291-0400|WARNING|glassfishv3.0|org.glassfish.admin.amx.core.AMXValidator|_ThreadID=30;_ThreadName=Thread-1;|Attribute 'servantManager' failed for amx:pp=/mon/server-mon[server]/ORB-Root[S1AS-ORB]/oa.poa.POAFactory,type=oa.poa.POAImpl,name=RootPOA.#RFMBase#.84414052708319232_RBusiness_com.MyEclipseide.ejb3._MyBeanRemote_Remote-EJBObject
java.lang.NullPointerException
	at com.sun.corba.ee.impl.oa.poa.POAImpl.get_servant_manager(POAImpl.java:1292)
	at com.sun.corba.ee.impl.oa.poa.POAImpl.servantManager(POAImpl.java:1302)
	at sun.reflect.GeneratedMethodAccessor277.invoke(Unknown Source)
	at sun.reflect.DelegatingMethodAccessorImpl.invoke(DelegatingMethodAccessorImpl.java:25)
	at java.lang.reflect.Method.invoke(Method.java:597)
	at org.glassfish.gmbal.generic.FacetAccessorImpl.invoke(FacetAccessorImpl.java:126)
	at org.glassfish.gmbal.impl.MBeanImpl.invoke(MBeanImpl.java:440)
	at org.glassfish.gmbal.impl.AttributeDescriptor.get(AttributeDescriptor.java:144)
	at org.glassfish.gmbal.impl.MBeanSkeleton.getAttribute(MBeanSkeleton.java:569)
	at org.glassfish.gmbal.impl.MBeanImpl.getAttribute(MBeanImpl.java:378)
	at com.sun.jmx.interceptor.DefaultMBeanServerInterceptor.getAttribute(DefaultMBeanServerInterceptor.java:666)
	at com.sun.jmx.mbeanserver.JmxMBeanServer.getAttribute(JmxMBeanServer.java:638)
	at org.glassfish.admin.amx.util.jmx.MBeanProxyHandler.getAttribute(MBeanProxyHandler.java:247)
	at org.glassfish.admin.amx.core.AMXValidator._validate(AMXValidator.java:587)
	at org.glassfish.admin.amx.core.AMXValidator.validate(AMXValidator.java:1298)
	at org.glassfish.admin.amx.impl.mbean.ComplianceMonitor$ValidatorThread.doRun(ComplianceMonitor.java:256)
	at org.glassfish.admin.amx.impl.mbean.ComplianceMonitor$ValidatorThread.run(ComplianceMonitor.java:227)
|#]

[#|2010-10-25T21:29:25.291-0400|WARNING|glassfishv3.0|org.glassfish.admin.amx.core.AMXValidator|_ThreadID=30;_ThreadName=Thread-1;|Attribute 'State' failed for amx:pp=/mon/server-mon[server]/ORB-Root[S1AS-ORB]/oa.poa.POAFactory,type=oa.poa.POAImpl,name=RootPOA.#RFMBase#.84414052708319232_RBusiness_com.MyEclipseide.ejb3._MyBeanRemote_Remote-EJBObject
java.lang.NullPointerException
	at com.sun.corba.ee.impl.oa.poa.POAImpl.getState(POAImpl.java:1706)
	at com.sun.corba.ee.spi.oa.ObjectAdapterBase.getDisplayState(ObjectAdapterBase.java:181)
	at sun.reflect.GeneratedMethodAccessor278.invoke(Unknown Source)
	at sun.reflect.DelegatingMethodAccessorImpl.invoke(DelegatingMethodAccessorImpl.java:25)
	at java.lang.reflect.Method.invoke(Method.java:597)
	at org.glassfish.gmbal.generic.FacetAccessorImpl.invoke(FacetAccessorImpl.java:126)
	at org.glassfish.gmbal.impl.MBeanImpl.invoke(MBeanImpl.java:440)
	at org.glassfish.gmbal.impl.AttributeDescriptor.get(AttributeDescriptor.java:144)
	at org.glassfish.gmbal.impl.MBeanSkeleton.getAttribute(MBeanSkeleton.java:569)
	at org.glassfish.gmbal.impl.MBeanImpl.getAttribute(MBeanImpl.java:378)
	at com.sun.jmx.interceptor.DefaultMBeanServerInterceptor.getAttribute(DefaultMBeanServerInterceptor.java:666)
	at com.sun.jmx.mbeanserver.JmxMBeanServer.getAttribute(JmxMBeanServer.java:638)
	at org.glassfish.admin.amx.util.jmx.MBeanProxyHandler.getAttribute(MBeanProxyHandler.java:247)
	at org.glassfish.admin.amx.core.AMXValidator._validate(AMXValidator.java:587)
	at org.glassfish.admin.amx.core.AMXValidator.validate(AMXValidator.java:1298)
	at org.glassfish.admin.amx.impl.mbean.ComplianceMonitor$ValidatorThread.doRun(ComplianceMonitor.java:256)
	at org.glassfish.admin.amx.impl.mbean.ComplianceMonitor$ValidatorThread.run(ComplianceMonitor.java:227)
|#]

[#|2010-10-25T21:29:25.296-0400|INFO|glassfishv3.0|javax.enterprise.system.tools.admin.org.glassfish.server|_ThreadID=30;_ThreadName=Thread-1;|amx:pp=/mon/server-mon[server]/ORB-Root[S1AS-ORB]/oa.poa.POAFactory,type=oa.poa.POAImpl,name=RootPOA.#RFMBase#.84414052708319232_RBusiness_com.MyEclipseide.ejb3._MyBeanRemote_Remote-EJBObject
General test failure: 
java.lang.NullPointerException: "null"
com.sun.corba.ee.impl.oa.poa.POAImpl.getManagerId(POAImpl.java:1701)
sun.reflect.GeneratedMethodAccessor265.invoke(Unknown Source)
sun.reflect.DelegatingMethodAccessorImpl.invoke(DelegatingMethodAccessorImpl.java:25)
java.lang.reflect.Method.invoke(Method.java:597)
org.glassfish.gmbal.generic.FacetAccessorImpl.invoke(FacetAccessorImpl.java:126)
org.glassfish.gmbal.impl.MBeanImpl.invoke(MBeanImpl.java:440)
org.glassfish.gmbal.impl.AttributeDescriptor.get(AttributeDescriptor.java:144)
org.glassfish.gmbal.impl.MBeanSkeleton.getAttribute(MBeanSkeleton.java:569)
org.glassfish.gmbal.impl.MBeanSkeleton.getAttributes(MBeanSkeleton.java:625)
org.glassfish.gmbal.impl.MBeanImpl.getAttributes(MBeanImpl.java:389)
com.sun.jmx.interceptor.DefaultMBeanServerInterceptor.getAttributes(DefaultMBeanServerInterceptor.java:726)
com.sun.jmx.mbeanserver.JmxMBeanServer.getAttributes(JmxMBeanServer.java:665)
org.glassfish.admin.amx.util.jmx.MBeanProxyHandler.getAttributes(MBeanProxyHandler.java:273)
org.glassfish.admin.amx.core.proxy.AMXProxyHandler.attributesMap(AMXProxyHandler.java:1193)
org.glassfish.admin.amx.core.proxy.AMXProxyHandler.attributesMap(AMXProxyHandler.java:1203)
org.glassfish.admin.amx.core.proxy.AMXProxyHandler.handleSpecialMethod(AMXProxyHandler.java:414)
org.glassfish.admin.amx.core.proxy.AMXProxyHandler._invoke(AMXProxyHandler.java:792)
org.glassfish.admin.amx.core.proxy.AMXProxyHandler.invoke(AMXProxyHandler.java:526)
$Proxy104.attributesMap(Unknown Source)
org.glassfish.admin.amx.core.AMXValidator._validate(AMXValidator.java:642)
org.glassfish.admin.amx.core.AMXValidator.validate(AMXValidator.java:1298)
org.glassfish.admin.amx.impl.mbean.ComplianceMonitor$ValidatorThread.doRun(ComplianceMonitor.java:256)
org.glassfish.admin.amx.impl.mbean.ComplianceMonitor$ValidatorThread.run(ComplianceMonitor.java:227)


1 failures.
1 MBeans tested.|#]

[#|2010-10-25T21:29:25.991-0400|INFO|glassfishv3.0|javax.enterprise.system.tools.admin.org.glassfish.deployment.admin|_ThreadID=27;_ThreadName=Thread-1;|SampleEJBProject was successfully deployed in 1855 milliseconds.|#]

